[2017-11-06 18:00:01] Scraping start
[2017-11-06 18:00:01] Connected Elasticsearch server
[2017-11-06 18:00:02] Opened PhantomJS webdriver
[2017-11-06 18:00:31] Complete to bring blogs seed page
[2017-11-06 18:00:32] Complete to move to travel category
[2017-11-06 18:00:33] Complete to move to domestic travel page
[2017-11-06 18:00:33] Start to parse each posts
[2017-11-06 18:00:33] Click the page - 1page
[2017-11-06 18:00:34] Complate to parse - exhappyway_221133692144
[2017-11-06 18:00:34] Error - Already exists document
[2017-11-06 18:00:35] Complate to parse - gukjung_221133609471
[2017-11-06 18:00:35] Error - Already exists document
[2017-11-06 18:00:35] Complate to parse - daichung_221133587803
[2017-11-06 18:00:35] Error - Already exists document
[2017-11-06 18:00:35] Complate to parse - lsy5088_221133216240
[2017-11-06 18:00:35] Error - Already exists document
[2017-11-06 18:00:36] Complate to parse - fingership_221133769931
[2017-11-06 18:00:36] Error - Already exists document
[2017-11-06 18:00:36] Complate to parse - jtowelcome_221133445965
[2017-11-06 18:00:36] Error - Already exists document
[2017-11-06 18:00:36] Complate to parse - bbibbiana89_221133435533
[2017-11-06 18:00:36] Error - Already exists document
[2017-11-06 18:00:36] Complate to parse - kkongi3028_221133423973
[2017-11-06 18:00:36] Error - Already exists document
[2017-11-06 18:00:37] Complate to parse - nahe0904_221133644365
[2017-11-06 18:00:37] Error - Already exists document
[2017-11-06 18:00:37] Complate to parse - ksb115205_221133459652
[2017-11-06 18:00:37] Error - Already exists document
[2017-11-06 18:00:37] Click the page - 2page
[2017-11-06 18:00:39] Complate to parse - suni2park_221133384483
[2017-11-06 18:00:39] Error - Already exists document
[2017-11-06 18:00:39] Complate to parse - sayjune2005_221133424440
[2017-11-06 18:00:39] Error - Already exists document
[2017-11-06 18:00:39] Complate to parse - dakto_221133654932
[2017-11-06 18:00:39] Error - Already exists document
[2017-11-06 18:00:39] Complate to parse - hyang2yaaa_221133465336
[2017-11-06 18:00:39] Error - Already exists document
[2017-11-06 18:00:40] Complate to parse - 00starhyunju_221133767391
[2017-11-06 18:00:40] Error - Already exists document
[2017-11-06 18:00:40] Complate to parse - marbin_221133733589
[2017-11-06 18:00:40] Error - Already exists document
[2017-11-06 18:00:40] Complate to parse - anndam_221132554307
[2017-11-06 18:00:40] Error - Already exists document
[2017-11-06 18:00:40] Complate to parse - wls62345_221133701919
[2017-11-06 18:00:40] Error - Already exists document
[2017-11-06 18:00:40] Complate to parse - limky5882_221133633622
[2017-11-06 18:00:40] Error - Already exists document
[2017-11-06 18:00:41] Complate to parse - hahaha1504_221133626830
[2017-11-06 18:00:41] Error - Already exists document
[2017-11-06 18:00:41] Click the page - 3page
[2017-11-06 18:00:42] Complate to parse - findjeju_221133562586
[2017-11-06 18:00:42] Error - Already exists document
[2017-11-06 18:00:43] Complate to parse - daesunjujo_221133497099
[2017-11-06 18:00:43] Error - Already exists document
[2017-11-06 18:00:43] Complate to parse - usgreen99_221133481474
[2017-11-06 18:00:43] Error - Already exists document
[2017-11-06 18:00:43] Complate to parse - mina860527_221133206705
[2017-11-06 18:00:43] Error - Already exists document
[2017-11-06 18:00:43] Complate to parse - 8302yang_221133412962
[2017-11-06 18:00:43] Error - Already exists document
[2017-11-06 18:00:43] Complate to parse - tpsxj8585_221133409116
[2017-11-06 18:00:43] Error - Already exists document
[2017-11-06 18:00:44] Complate to parse - violetravel_221133658802
[2017-11-06 18:00:44] Error - Already exists document
[2017-11-06 18:00:44] Complate to parse - sseotaiji_221133633911
[2017-11-06 18:00:44] Error - Already exists document
[2017-11-06 18:00:44] Complate to parse - shfrjf59_221133609029
[2017-11-06 18:00:44] Error - Already exists document
[2017-11-06 18:00:44] Complate to parse - jejubnf_221133488111
[2017-11-06 18:00:44] Error - Already exists document
[2017-11-06 18:00:44] Click the page - 4page
[2017-11-06 18:00:46] Complate to parse - afeleia_221133463885
[2017-11-06 18:00:46] Error - Already exists document
[2017-11-06 18:00:46] Complate to parse - cucuya21_221133445754
[2017-11-06 18:00:46] Error - Already exists document
[2017-11-06 18:00:47] Complate to parse - hanjun66_221133218004
[2017-11-06 18:00:47] Error - Already exists document
[2017-11-06 18:00:47] Complate to parse - nailstan_221133186900
[2017-11-06 18:00:47] Error - Already exists document
[2017-11-06 18:00:47] Complate to parse - shillajeju__221131919410
[2017-11-06 18:00:47] Error - Already exists document
[2017-11-06 18:00:47] Complate to parse - tudvhfpqj_221133435843
[2017-11-06 18:00:47] Error - Already exists document
[2017-11-06 18:00:47] Complate to parse - kaite1130_221133275726
[2017-11-06 18:00:47] Error - Already exists document
[2017-11-06 18:00:48] Complate to parse - suk4408_221133030577
[2017-11-06 18:00:48] Error - Already exists document
[2017-11-06 18:00:48] Complate to parse - jbm993_221133023359
[2017-11-06 18:00:48] Error - Already exists document
[2017-11-06 18:00:48] Complate to parse - suheeryu_221132526364
[2017-11-06 18:00:48] Error - Already exists document
[2017-11-06 18:00:48] Click the page - 5page
[2017-11-06 18:00:50] Complate to parse - idioe48_221131712146
[2017-11-06 18:00:50] Error - Already exists document
[2017-11-06 18:00:50] Complate to parse - ehy2106_221131989594
[2017-11-06 18:00:50] Error - Already exists document
[2017-11-06 18:00:50] Complate to parse - goldenkd_221133069323
[2017-11-06 18:00:50] Error - Already exists document
[2017-11-06 18:00:51] Complate to parse - nopqda_221133564393
[2017-11-06 18:00:51] Error - Already exists document
[2017-11-06 18:00:51] Complate to parse - okaban_221133374969
[2017-11-06 18:00:51] Error - Already exists document
[2017-11-06 18:00:51] Complate to parse - kosh9767_221133532608
[2017-11-06 18:00:51] Error - Already exists document
[2017-11-06 18:00:51] Complate to parse - troy1219_221133607579
[2017-11-06 18:00:51] Error - Already exists document
[2017-11-06 18:00:52] Complate to parse - sksmstls1106_221132643259
[2017-11-06 18:00:52] Error - Already exists document
[2017-11-06 18:00:52] Complate to parse - bobtini8_221133512617
[2017-11-06 18:00:52] Error - Already exists document
[2017-11-06 18:00:52] Complate to parse - kimnyanghk_221133444660
[2017-11-06 18:00:52] Error - Already exists document
[2017-11-06 18:00:52] Click the page - 6page
[2017-11-06 18:01:09] Complate to parse - idioe48_221131712146
[2017-11-06 18:01:09] Error - Already exists document
[2017-11-06 18:01:09] Complate to parse - ehy2106_221131989594
[2017-11-06 18:01:09] Error - Already exists document
[2017-11-06 18:01:09] Complate to parse - goldenkd_221133069323
[2017-11-06 18:01:09] Error - Already exists document
[2017-11-06 18:01:10] Complate to parse - nopqda_221133564393
[2017-11-06 18:01:10] Error - Already exists document
[2017-11-06 18:01:10] Complate to parse - okaban_221133374969
[2017-11-06 18:01:10] Error - Already exists document
[2017-11-06 18:01:10] Complate to parse - kosh9767_221133532608
[2017-11-06 18:01:10] Error - Already exists document
[2017-11-06 18:01:10] Complate to parse - troy1219_221133607579
[2017-11-06 18:01:10] Error - Already exists document
[2017-11-06 18:01:11] Complate to parse - sksmstls1106_221132643259
[2017-11-06 18:01:11] Error - Already exists document
[2017-11-06 18:01:11] Complate to parse - bobtini8_221133512617
[2017-11-06 18:01:11] Error - Already exists document
[2017-11-06 18:01:11] Complate to parse - kimnyanghk_221133444660
[2017-11-06 18:01:11] Error - Already exists document
[2017-11-06 18:01:11] Click the page - 7page
[2017-11-06 18:01:13] Complate to parse - jesty3978_221133650598
[2017-11-06 18:01:13] Error - Already exists document
[2017-11-06 18:01:13] Complate to parse - 1429son_221133646779
[2017-11-06 18:01:13] Error - Already exists document
[2017-11-06 18:01:13] Complate to parse - junhyuk_abba_221133637608
[2017-11-06 18:01:13] Error - Already exists document
[2017-11-06 18:01:14] Complate to parse - hesperus_10_221133611113
[2017-11-06 18:01:14] Error - Already exists document
[2017-11-06 18:01:14] Complate to parse - south0429_221133165475
[2017-11-06 18:01:14] Error - Already exists document
[2017-11-06 18:01:14] Complate to parse - goldkmsa_221133574513
[2017-11-06 18:01:14] Error - Already exists document
[2017-11-06 18:01:14] Complate to parse - tpgml1004__221133533810
[2017-11-06 18:01:14] Error - Already exists document
[2017-11-06 18:01:14] Complate to parse - hssj2615_221133530303
[2017-11-06 18:01:14] Error - Already exists document
[2017-11-06 18:01:14] Complate to parse - cmccity0531_221133529915
[2017-11-06 18:01:14] Error - Already exists document
[2017-11-06 18:01:15] Complate to parse - sun751213_221133113929
[2017-11-06 18:01:15] Error - Already exists document
[2017-11-06 18:01:15] Click the page - 8page
[2017-11-06 18:01:16] Complate to parse - cokcok564_221133515872
[2017-11-06 18:01:16] Error - Already exists document
[2017-11-06 18:01:17] Complate to parse - seinlove0523_221133497750
[2017-11-06 18:01:17] Error - Already exists document
[2017-11-06 18:01:17] Complate to parse - namesora_221133492398
[2017-11-06 18:01:17] Error - Already exists document
[2017-11-06 18:01:17] Complate to parse - hjin066_221133489856
[2017-11-06 18:01:17] Error - Already exists document
[2017-11-06 18:01:17] Complate to parse - ming_7663_221133480923
[2017-11-06 18:01:17] Error - Already exists document
[2017-11-06 18:01:17] Complate to parse - joo1609_221133473978
[2017-11-06 18:01:17] Error - Already exists document
[2017-11-06 18:01:18] Complate to parse - ljw9773_221127847505
[2017-11-06 18:01:18] Error - Already exists document
[2017-11-06 18:01:18] Complate to parse - lyulyu221_221133451804
[2017-11-06 18:01:18] Error - Already exists document
[2017-11-06 18:01:18] Complate to parse - a0ap1p_221133449137
[2017-11-06 18:01:18] Error - Already exists document
[2017-11-06 18:01:18] Complate to parse - bong860527_221133440312
[2017-11-06 18:01:18] Error - Already exists document
[2017-11-06 18:01:18] Click the page - 9page
[2017-11-06 18:01:20] Complate to parse - wella5442_221133328914
[2017-11-06 18:01:20] Error - Already exists document
[2017-11-06 18:01:20] Complate to parse - sajapyung_221133431156
[2017-11-06 18:01:20] Error - Already exists document
[2017-11-06 18:01:20] Complate to parse - gikimi23_221133428153
[2017-11-06 18:01:20] Error - Already exists document
[2017-11-06 18:01:21] Complate to parse - croxriver_221130169712
[2017-11-06 18:01:21] Error - Already exists document
[2017-11-06 18:01:21] Complate to parse - okmy0721_221133417391
[2017-11-06 18:01:21] Error - Already exists document
[2017-11-06 18:01:21] Complate to parse - hp0210_221133404745
[2017-11-06 18:01:21] Error - Already exists document
[2017-11-06 18:01:21] Complate to parse - youngrb_221133253851
[2017-11-06 18:01:21] Error - Already exists document
[2017-11-06 18:01:21] Complate to parse - goodjcs_221132883640
[2017-11-06 18:01:21] Error - Already exists document
[2017-11-06 18:01:21] Complate to parse - ambidext_221133398711
[2017-11-06 18:01:21] Error - Already exists document
[2017-11-06 18:01:22] Complate to parse - starofmemory_221133396380
[2017-11-06 18:01:22] Error - Already exists document
[2017-11-06 18:01:22] Click the page - 10page
[2017-11-06 18:01:24] Complate to parse - sunmi0402_221133791584
[2017-11-06 18:01:24] Complate to percolate - sunmi0402_221133791584
[2017-11-06 18:01:24] Complate to parse - jongsulim_221133756733
[2017-11-06 18:01:24] Error - Already exists document
[2017-11-06 18:01:24] Complate to parse - gimhae4you_221133734901
[2017-11-06 18:01:24] Error - Already exists document
[2017-11-06 18:01:24] Complate to parse - sanijowa_221133691179
[2017-11-06 18:01:24] Error - Already exists document
[2017-11-06 18:01:25] Complate to parse - s2travel_221133601710
[2017-11-06 18:01:25] Error - Already exists document
[2017-11-06 18:01:25] Complate to parse - kimsmell801_221133568535
[2017-11-06 18:01:25] Error - Already exists document
[2017-11-06 18:01:25] Complate to parse - sticket_221133557358
[2017-11-06 18:01:25] Error - Already exists document
[2017-11-06 18:01:25] Complate to parse - chunsz_221133520663
[2017-11-06 18:01:25] Error - Already exists document
[2017-11-06 18:01:26] Complate to parse - dailytalk_hy_221133492712
[2017-11-06 18:01:26] Error - Already exists document
[2017-11-06 18:01:26] Complate to parse - lyu1388_221132942595
[2017-11-06 18:01:26] Error - Already exists document
[2017-11-06 18:01:26] Click the next
[2017-11-06 18:01:26] Click the page - 11page
[2017-11-06 18:01:28] Complate to parse - iyc21net_221127890083
[2017-11-06 18:01:28] Error - Already exists document
[2017-11-06 18:01:28] Complate to parse - ddawndew_221133368028
[2017-11-06 18:01:28] Error - Already exists document
[2017-11-06 18:01:28] Complate to parse - jhkimism_221121078721
[2017-11-06 18:01:28] Error - Already exists document
[2017-11-06 18:01:28] Complate to parse - jejulovetour_221133823650
[2017-11-06 18:01:29] Complate to percolate - jejulovetour_221133823650
[2017-11-06 18:01:29] Complate to parse - nscity_221133784727
[2017-11-06 18:01:29] Complate to percolate - nscity_221133784727
[2017-11-06 18:01:29] Complate to parse - kimjh860511_221133595456
[2017-11-06 18:01:29] Error - Already exists document
[2017-11-06 18:01:29] Complate to parse - jaejung0299_221133495834
[2017-11-06 18:01:29] Error - Already exists document
[2017-11-06 18:01:31] Complate to parse - dinogoseong_221130302165
[2017-11-06 18:01:31] Error - Already exists document
[2017-11-06 18:01:31] Complate to parse - bk85219_221123598113
[2017-11-06 18:01:31] Error - Already exists document
[2017-11-06 18:01:31] Complate to parse - bada3347_221133416667
[2017-11-06 18:01:31] Error - Already exists document
[2017-11-06 18:01:31] Click the page - 12page
[2017-11-06 18:01:33] Complate to parse - hari33_221133376359
[2017-11-06 18:01:33] Error - Already exists document
[2017-11-06 18:01:33] Complate to parse - kjia76_221133818297
[2017-11-06 18:01:33] Complate to percolate - kjia76_221133818297
[2017-11-06 18:01:34] Complate to parse - g9bonyam_221133745521
[2017-11-06 18:01:34] Error - Already exists document
[2017-11-06 18:01:34] Complate to parse - gnfeel_221133707838
[2017-11-06 18:01:34] Error - Already exists document
[2017-11-06 18:01:34] Complate to parse - wtpwtp2016_221133672486
[2017-11-06 18:01:34] Error - Already exists document
[2017-11-06 18:01:34] Complate to parse - gridaf_221133656931
[2017-11-06 18:01:34] Error - Already exists document
[2017-11-06 18:01:35] Complate to parse - sonddol00_221133649474
[2017-11-06 18:01:35] Error - Already exists document
[2017-11-06 18:01:35] Complate to parse - fhcp_221133599554
[2017-11-06 18:01:35] Error - Already exists document
[2017-11-06 18:01:35] Complate to parse - skawjddl23_221133575431
[2017-11-06 18:01:35] Error - Already exists document
[2017-11-06 18:01:35] Complate to parse - kyn1105_221133544028
[2017-11-06 18:01:35] Error - Already exists document
[2017-11-06 18:01:35] Click the page - 13page
[2017-11-06 18:01:37] Complate to parse - dorothy_mini_221133543851
[2017-11-06 18:01:37] Error - Already exists document
[2017-11-06 18:01:37] Complate to parse - sul_eee_221133511362
[2017-11-06 18:01:37] Error - Already exists document
[2017-11-06 18:01:38] Complate to parse - gkak1011_221133466595
[2017-11-06 18:01:38] Error - Already exists document
[2017-11-06 18:01:39] Complate to parse - jiansarang_221133462366
[2017-11-06 18:01:39] Error - Already exists document
[2017-11-06 18:01:39] Complate to parse - ghy920_221133432937
[2017-11-06 18:01:39] Error - Already exists document
[2017-11-06 18:01:39] Complate to parse - fairwalking_221133266697
[2017-11-06 18:01:39] Error - Already exists document
[2017-11-06 18:01:40] Complate to parse - antaihee_221133420011
[2017-11-06 18:01:40] Error - Already exists document
[2017-11-06 18:01:40] Complate to parse - jvj24601_221133401687
[2017-11-06 18:01:40] Error - Already exists document
[2017-11-06 18:01:40] Complate to parse - csy817_221133098825
[2017-11-06 18:01:40] Error - Already exists document
[2017-11-06 18:01:40] Complate to parse - rltjru_221133615473
[2017-11-06 18:01:41] Complate to percolate - rltjru_221133615473
[2017-11-06 18:01:41] Click the page - 14page
[2017-11-06 18:01:42] Complate to parse - chorok2800_221133778823
[2017-11-06 18:01:43] Complate to percolate - chorok2800_221133778823
[2017-11-06 18:01:43] Complate to parse - pealrpink_221133729550
[2017-11-06 18:01:43] Error - Already exists document
[2017-11-06 18:01:43] Complate to parse - nh88nh_221133709029
[2017-11-06 18:01:43] Error - Already exists document
[2017-11-06 18:01:43] Complate to parse - hansoc0805_221133627399
[2017-11-06 18:01:43] Error - Already exists document
[2017-11-06 18:01:44] Complate to parse - mincool7_221133615285
[2017-11-06 18:01:44] Error - Already exists document
[2017-11-06 18:01:44] Complate to parse - khllife_221133576004
[2017-11-06 18:01:44] Error - Already exists document
[2017-11-06 18:01:44] Complate to parse - leejy2u_221133574586
[2017-11-06 18:01:44] Error - Already exists document
[2017-11-06 18:01:44] Complate to parse - kingcapper_221133515050
[2017-11-06 18:01:44] Error - Already exists document
[2017-11-06 18:01:44] Complate to parse - wngmlrrjdi_221133505382
[2017-11-06 18:01:44] Error - Already exists document
[2017-11-06 18:01:45] Complate to parse - kobyungja_221133322387
[2017-11-06 18:01:45] Error - Already exists document
[2017-11-06 18:01:45] Click the page - 15page
[2017-11-06 18:01:46] Complate to parse - miny8828_221132622103
[2017-11-06 18:01:46] Error - Already exists document
[2017-11-06 18:01:47] Complate to parse - mutability77_221133217754
[2017-11-06 18:01:47] Error - Already exists document
[2017-11-06 18:01:47] Complate to parse - ecopic2015_221133784445
[2017-11-06 18:01:47] Complate to percolate - ecopic2015_221133784445
[2017-11-06 18:01:47] Complate to parse - bloom5487_221133778059
[2017-11-06 18:01:47] Complate to percolate - bloom5487_221133778059
[2017-11-06 18:01:48] Complate to parse - autolian_221133765290
[2017-11-06 18:01:48] Complate to percolate - autolian_221133765290
[2017-11-06 18:01:48] Complate to parse - bloom5487_221133764972
[2017-11-06 18:01:48] Complate to percolate - bloom5487_221133764972
[2017-11-06 18:01:48] Complate to parse - kkokkoddu_221133763309
[2017-11-06 18:01:49] Complate to percolate - kkokkoddu_221133763309
[2017-11-06 18:01:49] Complate to parse - numongs_221133760239
[2017-11-06 18:01:49] Complate to percolate - numongs_221133760239
[2017-11-06 18:01:49] Complate to parse - wls62345_221133760062
[2017-11-06 18:01:49] Error - Already exists document
[2017-11-06 18:01:49] Complate to parse - daeguvisit_221108013652
[2017-11-06 18:01:49] Complate to percolate - daeguvisit_221108013652
[2017-11-06 18:01:49] Click the page - 16page
[2017-11-06 18:01:51] Complate to parse - ha2684_221133735531
[2017-11-06 18:01:51] Complate to percolate - ha2684_221133735531
[2017-11-06 18:01:52] Complate to parse - jujupinky_221133735011
[2017-11-06 18:01:52] Error - Already exists document
[2017-11-06 18:01:52] Complate to parse - kseongyeon_221133719962
[2017-11-06 18:01:52] Error - Already exists document
[2017-11-06 18:01:52] Complate to parse - jineunjoo502_221133717977
[2017-11-06 18:01:52] Complate to percolate - jineunjoo502_221133717977
[2017-11-06 18:01:52] Complate to parse - euro1984_221133693976
[2017-11-06 18:01:52] Error - Already exists document
[2017-11-06 18:01:52] Complate to parse - euro1984_221133684282
[2017-11-06 18:01:52] Error - Already exists document
[2017-11-06 18:01:53] Complate to parse - verychu7_221133666615
[2017-11-06 18:01:53] Error - Already exists document
[2017-11-06 18:01:53] Complate to parse - kimmeej4989_221133650820
[2017-11-06 18:01:53] Error - Already exists document
[2017-11-06 18:01:53] Complate to parse - ecopic2015_221133645944
[2017-11-06 18:01:53] Error - Already exists document
[2017-11-06 18:01:53] Complate to parse - idioe48_221133495349
[2017-11-06 18:01:53] Error - Already exists document
[2017-11-06 18:01:53] Click the page - 17page
[2017-11-06 18:01:55] Complate to parse - kseongyeon_221133630720
[2017-11-06 18:01:55] Error - Already exists document
[2017-11-06 18:01:55] Complate to parse - tazan00009_221133270116
[2017-11-06 18:01:55] Error - Already exists document
[2017-11-06 18:01:55] Complate to parse - ontheroad_gh_221133614860
[2017-11-06 18:01:55] Error - Already exists document
[2017-11-06 18:01:55] Complate to parse - csw960911_221130602410
[2017-11-06 18:01:55] Error - Already exists document
[2017-11-06 18:01:56] Complate to parse - kunmerri_221133557095
[2017-11-06 18:01:56] Error - Already exists document
[2017-11-06 18:01:56] Complate to parse - seongsoo1112_221133325351
[2017-11-06 18:01:56] Error - Already exists document
[2017-11-06 18:01:56] Complate to parse - cityansan_221133494164
[2017-11-06 18:01:56] Error - Already exists document
[2017-11-06 18:01:56] Complate to parse - gogogokgok_221133509828
[2017-11-06 18:01:56] Error - Already exists document
[2017-11-06 18:01:56] Complate to parse - photo_nc2u_221133205319
[2017-11-06 18:01:56] Error - Already exists document
[2017-11-06 18:01:57] Complate to parse - st_leo_221133465008
[2017-11-06 18:01:57] Error - Already exists document
[2017-11-06 18:01:57] Click the page - 18page
[2017-11-06 18:01:58] Complate to parse - unninephoto_221133471464
[2017-11-06 18:01:58] Error - Already exists document
[2017-11-06 18:01:59] Complate to parse - babtol2000_221133455291
[2017-11-06 18:01:59] Error - Already exists document
[2017-11-06 18:01:59] Complate to parse - nay87_221133454817
[2017-11-06 18:01:59] Error - Already exists document
[2017-11-06 18:01:59] Complate to parse - gukjung_221133445371
[2017-11-06 18:01:59] Error - Already exists document
[2017-11-06 18:02:04] Complate to parse - sweetcinnamonroll_221133442326
[2017-11-06 18:02:04] Error - Already exists document
[2017-11-06 18:02:04] Complate to parse - jma2564_221133429372
[2017-11-06 18:02:04] Error - Already exists document
[2017-11-06 18:02:05] Complate to parse - sko100400_221133428211
[2017-11-06 18:02:05] Error - Already exists document
[2017-11-06 18:02:05] Complate to parse - rys21c_221132706906
[2017-11-06 18:02:05] Error - Already exists document
[2017-11-06 18:02:05] Complate to parse - whlee0517_221133325904
[2017-11-06 18:02:05] Error - Already exists document
[2017-11-06 18:02:05] Complate to parse - heodang69_221133772739
[2017-11-06 18:02:05] Complate to percolate - heodang69_221133772739
[2017-11-06 18:02:05] Click the page - 19page
[2017-11-06 18:02:07] Complate to parse - yegam84_221133745379
[2017-11-06 18:02:08] Complate to percolate - yegam84_221133745379
[2017-11-06 18:02:08] Complate to parse - knoc3_221133533048
[2017-11-06 18:02:08] Error - Already exists document
[2017-11-06 18:02:08] Complate to parse - doyeon_an_221133728169
[2017-11-06 18:02:08] Error - Already exists document
[2017-11-06 18:02:08] Complate to parse - itsseoul_221133726778
[2017-11-06 18:02:08] Error - Already exists document
[2017-11-06 18:02:08] Complate to parse - ssunnong_221133714621
[2017-11-06 18:02:08] Error - Already exists document
[2017-11-06 18:02:08] Complate to parse - seoyh1047_221133690916
[2017-11-06 18:02:08] Error - Already exists document
[2017-11-06 18:02:09] Complate to parse - sanm308_221133648631
[2017-11-06 18:02:09] Error - Already exists document
[2017-11-06 18:02:09] Complate to parse - unescobaekje_221128269730
[2017-11-06 18:02:09] Error - Already exists document
[2017-11-06 18:02:09] Complate to parse - h_e_lovely_221133508618
[2017-11-06 18:02:09] Error - Already exists document
[2017-11-06 18:02:09] Complate to parse - hankookrent_221133506292
[2017-11-06 18:02:09] Error - Already exists document
[2017-11-06 18:02:09] Click the page - 20page
[2017-11-06 18:02:11] Complate to parse - asiaculturecenter_221133500925
[2017-11-06 18:02:11] Error - Already exists document
[2017-11-06 18:02:11] Complate to parse - hong0691_221133474664
[2017-11-06 18:02:11] Error - Already exists document
[2017-11-06 18:02:11] Complate to parse - rlawngmls2_221133464112
[2017-11-06 18:02:11] Error - Already exists document
[2017-11-06 18:02:12] Complate to parse - chammaja1_221133459739
[2017-11-06 18:02:12] Error - Already exists document
[2017-11-06 18:02:12] Complate to parse - ckh1558_221133026779
[2017-11-06 18:02:12] Error - Already exists document
[2017-11-06 18:02:12] Complate to parse - kyu6707_221133805658
[2017-11-06 18:02:13] Complate to percolate - kyu6707_221133805658
[2017-11-06 18:02:13] Complate to parse - kyr3690_221133790799
[2017-11-06 18:02:13] Complate to percolate - kyr3690_221133790799
[2017-11-06 18:02:13] Complate to parse - wodyd0205_221133738260
[2017-11-06 18:02:13] Error - Already exists document
[2017-11-06 18:02:13] Complate to parse - wlsrud1318_221133729339
[2017-11-06 18:02:14] Complate to percolate - wlsrud1318_221133729339
[2017-11-06 18:02:14] Complate to parse - pardac86_221133724192
[2017-11-06 18:02:14] Error - Already exists document
[2017-11-06 18:02:14] Click the next
[2017-11-06 18:02:14] Complate stored which 20 posts scrapped
[2017-11-06 18:02:14] Scrapping end, Process time: 132.473212004s
