[2017-11-06 00:00:01] Scraping start
[2017-11-06 00:00:01] Connected Elasticsearch server
[2017-11-06 00:00:02] Opened PhantomJS webdriver
[2017-11-06 00:00:08] Complete to bring blogs seed page
[2017-11-06 00:00:08] Complete to move to travel category
[2017-11-06 00:00:09] Complete to move to domestic travel page
[2017-11-06 00:00:09] Start to parse each posts
[2017-11-06 00:00:09] Click the page - 1page
[2017-11-06 00:00:11] Complate to parse - 8302yang_221133062845
[2017-11-06 00:00:11] Error - Already exists document
[2017-11-06 00:00:11] Complate to parse - flskfl88_221132927660
[2017-11-06 00:00:11] Error - Already exists document
[2017-11-06 00:00:11] Complate to parse - tjdan6161_221133159425
[2017-11-06 00:00:11] Error - Already exists document
[2017-11-06 00:00:11] Complate to parse - 8980480_221133016544
[2017-11-06 00:00:11] Error - Already exists document
[2017-11-06 00:00:12] Complate to parse - kenykim70_221133045912
[2017-11-06 00:00:12] Error - Already exists document
[2017-11-06 00:00:12] Complate to parse - nata4224_221132975324
[2017-11-06 00:00:12] Error - Already exists document
[2017-11-06 00:00:12] Complate to parse - 8302yang_221132958577
[2017-11-06 00:00:12] Error - Already exists document
[2017-11-06 00:00:12] Complate to parse - kaite1130_221133227107
[2017-11-06 00:00:12] Error - Already exists document
[2017-11-06 00:00:12] Complate to parse - sajahome_221133200761
[2017-11-06 00:00:12] Error - Already exists document
[2017-11-06 00:00:13] Complate to parse - kjia76_221133189157
[2017-11-06 00:00:13] Error - Already exists document
[2017-11-06 00:00:13] Click the page - 2page
[2017-11-06 00:00:15] Complate to parse - sg83love_221133129039
[2017-11-06 00:00:15] Error - Already exists document
[2017-11-06 00:00:15] Complate to parse - lechy_221133126844
[2017-11-06 00:00:15] Error - Already exists document
[2017-11-06 00:00:15] Complate to parse - im-back_221133079966
[2017-11-06 00:00:15] Error - Already exists document
[2017-11-06 00:00:15] Complate to parse - neweunha_221133044057
[2017-11-06 00:00:15] Error - Already exists document
[2017-11-06 00:00:15] Complate to parse - pcn1970_221133019225
[2017-11-06 00:00:15] Error - Already exists document
[2017-11-06 00:00:16] Complate to parse - ejejucom_221133005962
[2017-11-06 00:00:16] Error - Already exists document
[2017-11-06 00:00:16] Complate to parse - tazan00009_221132864528
[2017-11-06 00:00:16] Error - Already exists document
[2017-11-06 00:00:16] Complate to parse - neweunha_221132989867
[2017-11-06 00:00:16] Error - Already exists document
[2017-11-06 00:00:16] Complate to parse - pinkdk1124_221132915040
[2017-11-06 00:00:16] Error - Already exists document
[2017-11-06 00:00:16] Complate to parse - ejumuk_221133129041
[2017-11-06 00:00:16] Error - Already exists document
[2017-11-06 00:00:16] Click the page - 3page
[2017-11-06 00:00:18] Complate to parse - jjuu0801_221133080047
[2017-11-06 00:00:18] Error - Already exists document
[2017-11-06 00:00:19] Complate to parse - wjgo1217_221132980327
[2017-11-06 00:00:19] Error - Already exists document
[2017-11-06 00:00:19] Complate to parse - spring921_221132916954
[2017-11-06 00:00:19] Error - Already exists document
[2017-11-06 00:00:19] Complate to parse - ds1cvq_221133129537
[2017-11-06 00:00:19] Error - Already exists document
[2017-11-06 00:00:19] Complate to parse - eom4128_221133022164
[2017-11-06 00:00:19] Error - Already exists document
[2017-11-06 00:00:20] Complate to parse - lhj815200_221133168234
[2017-11-06 00:00:20] Error - Already exists document
[2017-11-06 00:00:20] Complate to parse - inb4032_221133145818
[2017-11-06 00:00:20] Error - Already exists document
[2017-11-06 00:00:20] Complate to parse - titicoca_221133118632
[2017-11-06 00:00:20] Error - Already exists document
[2017-11-06 00:00:20] Complate to parse - skyline622_221133070709
[2017-11-06 00:00:20] Error - Already exists document
[2017-11-06 00:00:20] Complate to parse - mon9955_221133069760
[2017-11-06 00:00:20] Error - Already exists document
[2017-11-06 00:00:20] Click the page - 4page
[2017-11-06 00:00:22] Complate to parse - mokchon27_221133048907
[2017-11-06 00:00:22] Error - Already exists document
[2017-11-06 00:00:22] Complate to parse - tastydish_221133041680
[2017-11-06 00:00:22] Error - Already exists document
[2017-11-06 00:00:22] Complate to parse - beautiful-girl87_221133010572
[2017-11-06 00:00:22] Error - Already exists document
[2017-11-06 00:00:23] Complate to parse - babtol2000_221133003713
[2017-11-06 00:00:23] Error - Already exists document
[2017-11-06 00:00:23] Complate to parse - idioe48_221131713025
[2017-11-06 00:00:23] Error - Already exists document
[2017-11-06 00:00:23] Complate to parse - sopoongjeju_221132919438
[2017-11-06 00:00:23] Error - Already exists document
[2017-11-06 00:00:23] Complate to parse - sks_0426_221133178463
[2017-11-06 00:00:23] Error - Already exists document
[2017-11-06 00:00:23] Complate to parse - queen77577_221133120241
[2017-11-06 00:00:23] Error - Already exists document
[2017-11-06 00:00:24] Complate to parse - 2remona2_221133019001
[2017-11-06 00:00:24] Error - Already exists document
[2017-11-06 00:00:24] Complate to parse - lsuhnok_221133013036
[2017-11-06 00:00:24] Error - Already exists document
[2017-11-06 00:00:24] Click the page - 5page
[2017-11-06 00:00:26] Complate to parse - god_jhzz_221133008390
[2017-11-06 00:00:26] Error - Already exists document
[2017-11-06 00:00:26] Complate to parse - cjcityblog_221133007589
[2017-11-06 00:00:26] Error - Already exists document
[2017-11-06 00:00:26] Complate to parse - dailytalk_hy_221132993588
[2017-11-06 00:00:26] Error - Already exists document
[2017-11-06 00:00:27] Complate to parse - pinkwona_221132964165
[2017-11-06 00:00:27] Error - Already exists document
[2017-11-06 00:00:27] Complate to parse - altmqkr0_221132942220
[2017-11-06 00:00:27] Error - Already exists document
[2017-11-06 00:00:27] Complate to parse - hana7797_221133081666
[2017-11-06 00:00:27] Error - Already exists document
[2017-11-06 00:00:27] Complate to parse - arti76_221133033428
[2017-11-06 00:00:27] Error - Already exists document
[2017-11-06 00:00:27] Complate to parse - himy21_221132025220
[2017-11-06 00:00:27] Error - Already exists document
[2017-11-06 00:00:28] Complate to parse - 486nanana_221133214537
[2017-11-06 00:00:28] Error - Already exists document
[2017-11-06 00:00:28] Complate to parse - modena153_221133145016
[2017-11-06 00:00:28] Error - Already exists document
[2017-11-06 00:00:28] Click the page - 6page
[2017-11-06 00:00:30] Complate to parse - lovemw3_221132876454
[2017-11-06 00:00:30] Error - Already exists document
[2017-11-06 00:00:30] Complate to parse - ann7686_221133043917
[2017-11-06 00:00:30] Error - Already exists document
[2017-11-06 00:00:30] Complate to parse - kdsdb_221133013653
[2017-11-06 00:00:30] Error - Already exists document
[2017-11-06 00:00:30] Complate to parse - hwj9011_221133241191
[2017-11-06 00:00:31] Complate to percolate - hwj9011_221133241191
[2017-11-06 00:00:31] Complate to parse - jjworld6_221133220932
[2017-11-06 00:00:31] Complate to percolate - jjworld6_221133220932
[2017-11-06 00:00:31] Complate to parse - sobiniiiiii_221133219035
[2017-11-06 00:00:31] Error - Already exists document
[2017-11-06 00:00:32] Complate to parse - cjstk1926_221133160662
[2017-11-06 00:00:32] Error - Already exists document
[2017-11-06 00:00:32] Complate to parse - kino003_221133105762
[2017-11-06 00:00:32] Error - Already exists document
[2017-11-06 00:00:32] Complate to parse - cherrytue_221133040159
[2017-11-06 00:00:32] Error - Already exists document
[2017-11-06 00:00:32] Complate to parse - hyojin03v_221133032026
[2017-11-06 00:00:32] Error - Already exists document
[2017-11-06 00:00:32] Click the page - 7page
[2017-11-06 00:00:34] Complate to parse - 1023cdh_221132998417
[2017-11-06 00:00:34] Error - Already exists document
[2017-11-06 00:00:34] Complate to parse - jklins_221132989943
[2017-11-06 00:00:34] Error - Already exists document
[2017-11-06 00:00:35] Complate to parse - bow_land_221132947604
[2017-11-06 00:00:35] Error - Already exists document
[2017-11-06 00:00:35] Complate to parse - parksg1110_221132935950
[2017-11-06 00:00:35] Error - Already exists document
[2017-11-06 00:00:35] Complate to parse - seoyeon118_221132931285
[2017-11-06 00:00:35] Error - Already exists document
[2017-11-06 00:00:35] Complate to parse - 1100px_221133229379
[2017-11-06 00:00:35] Complate to percolate - 1100px_221133229379
[2017-11-06 00:00:36] Complate to parse - st_leo_221133176866
[2017-11-06 00:00:36] Error - Already exists document
[2017-11-06 00:00:36] Complate to parse - elkjbc_221133162526
[2017-11-06 00:00:36] Error - Already exists document
[2017-11-06 00:00:36] Complate to parse - ka8564_221133155251
[2017-11-06 00:00:36] Error - Already exists document
[2017-11-06 00:00:36] Complate to parse - wonywonyu_221133151338
[2017-11-06 00:00:36] Error - Already exists document
[2017-11-06 00:00:36] Click the page - 8page
[2017-11-06 00:00:38] Complate to parse - csy282_221133146259
[2017-11-06 00:00:38] Error - Already exists document
[2017-11-06 00:00:38] Complate to parse - nay87_221133131051
[2017-11-06 00:00:38] Error - Already exists document
[2017-11-06 00:00:39] Complate to parse - wonju4321_221133099927
[2017-11-06 00:00:39] Error - Already exists document
[2017-11-06 00:00:39] Complate to parse - vivada22_221133075768
[2017-11-06 00:00:39] Error - Already exists document
[2017-11-06 00:00:39] Complate to parse - jangeunkim_221133068528
[2017-11-06 00:00:39] Error - Already exists document
[2017-11-06 00:00:39] Complate to parse - donkey_hote_221133066698
[2017-11-06 00:00:39] Error - Already exists document
[2017-11-06 00:00:39] Complate to parse - kimjihyun5439_221133065967
[2017-11-06 00:00:39] Error - Already exists document
[2017-11-06 00:00:39] Complate to parse - qothgus2303_221133038973
[2017-11-06 00:00:39] Error - Already exists document
[2017-11-06 00:00:40] Complate to parse - skkgod_221133006671
[2017-11-06 00:00:40] Error - Already exists document
[2017-11-06 00:00:40] Complate to parse - you3757_221132957852
[2017-11-06 00:00:40] Error - Already exists document
[2017-11-06 00:00:40] Click the page - 9page
[2017-11-06 00:00:42] Complate to parse - you3757_221132942970
[2017-11-06 00:00:42] Error - Already exists document
[2017-11-06 00:00:42] Complate to parse - hyesun0516_221132940797
[2017-11-06 00:00:42] Error - Already exists document
[2017-11-06 00:00:42] Complate to parse - redkong4917_221132934207
[2017-11-06 00:00:42] Error - Already exists document
[2017-11-06 00:00:42] Complate to parse - jhgeel_221132932119
[2017-11-06 00:00:42] Error - Already exists document
[2017-11-06 00:00:42] Complate to parse - wana8484_221132913798
[2017-11-06 00:00:42] Error - Already exists document
[2017-11-06 00:00:43] Complate to parse - zangkku_221133215762
[2017-11-06 00:00:43] Error - Already exists document
[2017-11-06 00:00:43] Complate to parse - cshjjy0627_221133056900
[2017-11-06 00:00:43] Error - Already exists document
[2017-11-06 00:00:43] Complate to parse - ljessam_221132999966
[2017-11-06 00:00:43] Error - Already exists document
[2017-11-06 00:00:43] Complate to parse - rhdmswjd9_221132988611
[2017-11-06 00:00:43] Error - Already exists document
[2017-11-06 00:00:43] Complate to parse - rhdmswjd9_221132950444
[2017-11-06 00:00:43] Error - Already exists document
[2017-11-06 00:00:43] Click the page - 10page
[2017-11-06 00:00:45] Complate to parse - pressinfo_221131752283
[2017-11-06 00:00:45] Error - Already exists document
[2017-11-06 00:00:45] Complate to parse - acura06_221133150020
[2017-11-06 00:00:45] Error - Already exists document
[2017-11-06 00:00:46] Complate to parse - hksh012_221133125388
[2017-11-06 00:00:46] Error - Already exists document
[2017-11-06 00:00:46] Complate to parse - alclstjwns_221133115363
[2017-11-06 00:00:46] Error - Already exists document
[2017-11-06 00:00:46] Complate to parse - ejp8702_221133107456
[2017-11-06 00:00:46] Error - Already exists document
[2017-11-06 00:00:46] Complate to parse - rabbitsy_221132553316
[2017-11-06 00:00:46] Error - Already exists document
[2017-11-06 00:00:46] Complate to parse - jeju8253_221133057275
[2017-11-06 00:00:46] Error - Already exists document
[2017-11-06 00:00:46] Complate to parse - sunsun1890_221133045911
[2017-11-06 00:00:46] Error - Already exists document
[2017-11-06 00:00:47] Complate to parse - prkac_221131548889
[2017-11-06 00:00:47] Error - Already exists document
[2017-11-06 00:00:47] Complate to parse - saeimom_221132973224
[2017-11-06 00:00:47] Error - Already exists document
[2017-11-06 00:00:47] Click the next
[2017-11-06 00:00:47] Click the page - 11page
[2017-11-06 00:00:49] Complate to parse - falltime12_221132963871
[2017-11-06 00:00:49] Error - Already exists document
[2017-11-06 00:00:49] Complate to parse - choichokk_221132954164
[2017-11-06 00:00:49] Error - Already exists document
[2017-11-06 00:00:49] Complate to parse - rlaskfl26_221132931407
[2017-11-06 00:00:49] Error - Already exists document
[2017-11-06 00:00:49] Complate to parse - joye009_221132924301
[2017-11-06 00:00:49] Error - Already exists document
[2017-11-06 00:00:50] Complate to parse - ji_long_221133232930
[2017-11-06 00:00:50] Complate to percolate - ji_long_221133232930
[2017-11-06 00:00:50] Complate to parse - rodgers77_221133203628
[2017-11-06 00:00:50] Error - Already exists document
[2017-11-06 00:00:50] Complate to parse - afromz001_221133171881
[2017-11-06 00:00:50] Complate to percolate - afromz001_221133171881
[2017-11-06 00:00:50] Complate to parse - pelosi98_221133136759
[2017-11-06 00:00:50] Error - Already exists document
[2017-11-06 00:00:51] Complate to parse - soplara_221133128830
[2017-11-06 00:00:51] Error - Already exists document
[2017-11-06 00:00:51] Complate to parse - mp10091004_221133115156
[2017-11-06 00:00:51] Error - Already exists document
[2017-11-06 00:00:51] Click the page - 12page
[2017-11-06 00:00:53] Complate to parse - chorok2800_221133094753
[2017-11-06 00:00:53] Error - Already exists document
[2017-11-06 00:00:53] Complate to parse - jihyeillust_221133086199
[2017-11-06 00:00:53] Error - Already exists document
[2017-11-06 00:00:53] Complate to parse - moasimong_221133040393
[2017-11-06 00:00:53] Error - Already exists document
[2017-11-06 00:00:54] Complate to parse - locoman_221132970649
[2017-11-06 00:00:54] Error - Already exists document
[2017-11-06 00:00:54] Complate to parse - kar7801_221132958946
[2017-11-06 00:00:54] Error - Already exists document
[2017-11-06 00:00:54] Complate to parse - hanaworks_221131353737
[2017-11-06 00:00:54] Error - Already exists document
[2017-11-06 00:00:54] Complate to parse - yl2850_221132219675
[2017-11-06 00:00:54] Error - Already exists document
[2017-11-06 00:00:54] Complate to parse - qazzing_221133205145
[2017-11-06 00:00:54] Complate to percolate - qazzing_221133205145
[2017-11-06 00:00:55] Complate to parse - jjworld6_221133194486
[2017-11-06 00:00:55] Complate to percolate - jjworld6_221133194486
[2017-11-06 00:00:55] Complate to parse - gamtv_221133180981
[2017-11-06 00:00:55] Error - Already exists document
[2017-11-06 00:00:55] Click the page - 13page
[2017-11-06 00:00:57] Complate to parse - minjoo67572_221133180361
[2017-11-06 00:00:57] Error - Already exists document
[2017-11-06 00:00:57] Complate to parse - bangranga_221133153333
[2017-11-06 00:00:57] Error - Already exists document
[2017-11-06 00:00:57] Complate to parse - skkgod_221133040038
[2017-11-06 00:00:57] Error - Already exists document
[2017-11-06 00:00:58] Complate to parse - jp_oi_221133005879
[2017-11-06 00:00:58] Error - Already exists document
[2017-11-06 00:00:58] Complate to parse - hanbonggi_221132939217
[2017-11-06 00:00:58] Error - Already exists document
[2017-11-06 00:00:58] Complate to parse - wjgo1217_221132928434
[2017-11-06 00:00:58] Error - Already exists document
[2017-11-06 00:00:58] Complate to parse - unninephoto_221133239278
[2017-11-06 00:00:58] Complate to percolate - unninephoto_221133239278
[2017-11-06 00:00:59] Complate to parse - titicoca_221133239078
[2017-11-06 00:00:59] Complate to percolate - titicoca_221133239078
[2017-11-06 00:00:59] Complate to parse - gypsy777_221132989342
[2017-11-06 00:00:59] Error - Already exists document
[2017-11-06 00:00:59] Complate to parse - han032844_221133206627
[2017-11-06 00:00:59] Error - Already exists document
[2017-11-06 00:00:59] Click the page - 14page
[2017-11-06 00:01:01] Complate to parse - mommy_youn_221133203062
[2017-11-06 00:01:01] Error - Already exists document
[2017-11-06 00:01:01] Complate to parse - dlrud159_221133065187
[2017-11-06 00:01:01] Error - Already exists document
[2017-11-06 00:01:01] Complate to parse - sm3296_221133200028
[2017-11-06 00:01:01] Error - Already exists document
[2017-11-06 00:01:01] Complate to parse - afromz001_221133188195
[2017-11-06 00:01:02] Complate to percolate - afromz001_221133188195
[2017-11-06 00:01:02] Complate to parse - koaiko86_221133186672
[2017-11-06 00:01:02] Error - Already exists document
[2017-11-06 00:01:02] Complate to parse - phrases11_221133159770
[2017-11-06 00:01:02] Error - Already exists document
[2017-11-06 00:01:02] Complate to parse - sr4_221133151743
[2017-11-06 00:01:02] Complate to percolate - sr4_221133151743
[2017-11-06 00:01:03] Complate to parse - geumhwa0420_221133147560
[2017-11-06 00:01:03] Error - Already exists document
[2017-11-06 00:01:03] Complate to parse - jw_peace_221133114794
[2017-11-06 00:01:03] Error - Already exists document
[2017-11-06 00:01:03] Complate to parse - 3dnjf06_221132610471
[2017-11-06 00:01:03] Error - Already exists document
[2017-11-06 00:01:03] Click the page - 15page
[2017-11-06 00:01:05] Complate to parse - rjsfud1015_221132688743
[2017-11-06 00:01:05] Error - Already exists document
[2017-11-06 00:01:05] Complate to parse - lcu99_221133034936
[2017-11-06 00:01:05] Error - Already exists document
[2017-11-06 00:01:05] Complate to parse - tjsdud8068_221132997798
[2017-11-06 00:01:05] Error - Already exists document
[2017-11-06 00:01:05] Complate to parse - borms_221132996247
[2017-11-06 00:01:05] Error - Already exists document
[2017-11-06 00:01:06] Complate to parse - chunghwan69_221132968276
[2017-11-06 00:01:06] Error - Already exists document
[2017-11-06 00:01:06] Complate to parse - younga6448_221132944616
[2017-11-06 00:01:06] Error - Already exists document
[2017-11-06 00:01:06] Complate to parse - projinny_221132934673
[2017-11-06 00:01:06] Error - Already exists document
[2017-11-06 00:01:06] Complate to parse - zazaza52_221132926944
[2017-11-06 00:01:06] Error - Already exists document
[2017-11-06 00:01:06] Complate to parse - 7wayjeju_221133268078
[2017-11-06 00:01:07] Complate to percolate - 7wayjeju_221133268078
[2017-11-06 00:01:07] Complate to parse - tryukjin_221133256957
[2017-11-06 00:01:07] Complate to percolate - tryukjin_221133256957
[2017-11-06 00:01:07] Click the page - 16page
[2017-11-06 00:01:09] Complate to parse - shensubin_221133250326
[2017-11-06 00:01:09] Complate to percolate - shensubin_221133250326
[2017-11-06 00:01:09] Complate to parse - an_vely_221133164095
[2017-11-06 00:01:09] Error - Already exists document
[2017-11-06 00:01:09] Complate to parse - cychang2_221133159494
[2017-11-06 00:01:09] Error - Already exists document
[2017-11-06 00:01:10] Complate to parse - loveall0312_221133111500
[2017-11-06 00:01:10] Error - Already exists document
[2017-11-06 00:01:10] Complate to parse - 01065568776_221132732647
[2017-11-06 00:01:10] Error - Already exists document
[2017-11-06 00:01:10] Complate to parse - kgh19941061_221133020753
[2017-11-06 00:01:10] Error - Already exists document
[2017-11-06 00:01:10] Complate to parse - face8901_221133015509
[2017-11-06 00:01:10] Error - Already exists document
[2017-11-06 00:01:10] Complate to parse - arnicalove_221132969960
[2017-11-06 00:01:10] Error - Already exists document
[2017-11-06 00:01:11] Complate to parse - jeju_blue_221132943981
[2017-11-06 00:01:11] Error - Already exists document
[2017-11-06 00:01:11] Complate to parse - tnews_221133267254
[2017-11-06 00:01:11] Complate to percolate - tnews_221133267254
[2017-11-06 00:01:11] Click the page - 17page
[2017-11-06 00:01:13] Complate to parse - hdn0525_221133260451
[2017-11-06 00:01:13] Complate to percolate - hdn0525_221133260451
[2017-11-06 00:01:13] Complate to parse - byhymyung_221133252242
[2017-11-06 00:01:13] Complate to percolate - byhymyung_221133252242
[2017-11-06 00:01:14] Complate to parse - mh84love_221133248224
[2017-11-06 00:01:14] Complate to percolate - mh84love_221133248224
[2017-11-06 00:01:14] Complate to parse - hyoung4647_221133248163
[2017-11-06 00:01:15] Complate to percolate - hyoung4647_221133248163
[2017-11-06 00:01:15] Complate to parse - wkdtmdwosla_221133243832
[2017-11-06 00:01:15] Complate to percolate - wkdtmdwosla_221133243832
[2017-11-06 00:01:15] Complate to parse - ssms4068_221133243311
[2017-11-06 00:01:16] Complate to percolate - ssms4068_221133243311
[2017-11-06 00:01:16] Complate to parse - clothes1213_221133241251
[2017-11-06 00:01:16] Complate to percolate - clothes1213_221133241251
[2017-11-06 00:01:16] Complate to parse - rarirae_221133228510
[2017-11-06 00:01:16] Error - Already exists document
[2017-11-06 00:01:16] Complate to parse - wenxi928_221133218160
[2017-11-06 00:01:16] Complate to percolate - wenxi928_221133218160
[2017-11-06 00:01:17] Complate to parse - mysalangiran_221133184396
[2017-11-06 00:01:17] Error - Already exists document
[2017-11-06 00:01:17] Click the page - 18page
[2017-11-06 00:01:18] Complate to parse - wldi025_221133160938
[2017-11-06 00:01:18] Error - Already exists document
[2017-11-06 00:01:19] Complate to parse - folktale_221133167880
[2017-11-06 00:01:19] Complate to percolate - folktale_221133167880
[2017-11-06 00:01:19] Complate to parse - zeropop0_221133159777
[2017-11-06 00:01:19] Complate to percolate - zeropop0_221133159777
[2017-11-06 00:01:19] Complate to parse - young77chan7_221133079643
[2017-11-06 00:01:19] Error - Already exists document
[2017-11-06 00:01:19] Complate to parse - 12gojeju_221133119205
[2017-11-06 00:01:19] Error - Already exists document
[2017-11-06 00:01:20] Complate to parse - lee____jin_221133101613
[2017-11-06 00:01:20] Error - Already exists document
[2017-11-06 00:01:20] Complate to parse - admycin_221133094048
[2017-11-06 00:01:20] Error - Already exists document
[2017-11-06 00:01:20] Complate to parse - ljh0003_221133088002
[2017-11-06 00:01:20] Error - Already exists document
[2017-11-06 00:01:20] Complate to parse - miffyand85_221133086048
[2017-11-06 00:01:20] Error - Already exists document
[2017-11-06 00:01:20] Complate to parse - woaiheejun_221133083318
[2017-11-06 00:01:20] Error - Already exists document
[2017-11-06 00:01:20] Click the page - 19page
[2017-11-06 00:01:22] Complate to parse - kyeoung6482_221133075979
[2017-11-06 00:01:22] Error - Already exists document
[2017-11-06 00:01:22] Complate to parse - nana8897_221133065684
[2017-11-06 00:01:22] Error - Already exists document
[2017-11-06 00:01:22] Complate to parse - oh_5276_221133048697
[2017-11-06 00:01:22] Error - Already exists document
[2017-11-06 00:01:23] Complate to parse - 2ndface02_221133029387
[2017-11-06 00:01:23] Error - Already exists document
[2017-11-06 00:01:23] Complate to parse - rgmong_221133028620
[2017-11-06 00:01:23] Error - Already exists document
[2017-11-06 00:01:23] Complate to parse - lovegpop_221133028561
[2017-11-06 00:01:23] Error - Already exists document
[2017-11-06 00:01:23] Complate to parse - lss3178_221133025300
[2017-11-06 00:01:23] Error - Already exists document
[2017-11-06 00:01:23] Complate to parse - ppo1127_221132990327
[2017-11-06 00:01:23] Error - Already exists document
[2017-11-06 00:01:23] Complate to parse - saladin324_221132985694
[2017-11-06 00:01:23] Error - Already exists document
[2017-11-06 00:01:24] Complate to parse - seo8303_221132967327
[2017-11-06 00:01:24] Error - Already exists document
[2017-11-06 00:01:24] Click the page - 20page
[2017-11-06 00:01:26] Complate to parse - kje881129_221132953880
[2017-11-06 00:01:26] Error - Already exists document
[2017-11-06 00:01:26] Complate to parse - tuvenus_221132775159
[2017-11-06 00:01:26] Error - Already exists document
[2017-11-06 00:01:26] Complate to parse - yinzhen0413_221133255126
[2017-11-06 00:01:26] Complate to percolate - yinzhen0413_221133255126
[2017-11-06 00:01:26] Complate to parse - cbj910_221133191085
[2017-11-06 00:01:27] Complate to percolate - cbj910_221133191085
[2017-11-06 00:01:27] Complate to parse - flower4653_221133160685
[2017-11-06 00:01:27] Error - Already exists document
[2017-11-06 00:01:27] Complate to parse - borisim3_221133149886
[2017-11-06 00:01:28] Complate to percolate - borisim3_221133149886
[2017-11-06 00:01:28] Complate to parse - loens9774_221133108320
[2017-11-06 00:01:28] Error - Already exists document
[2017-11-06 00:01:28] Complate to parse - cita1207_221133060414
[2017-11-06 00:01:28] Error - Already exists document
[2017-11-06 00:01:28] Complate to parse - wannabeh6_221133023811
[2017-11-06 00:01:28] Error - Already exists document
[2017-11-06 00:01:28] Complate to parse - ladyg_221131830728
[2017-11-06 00:01:28] Error - Already exists document
[2017-11-06 00:01:28] Click the next
[2017-11-06 00:01:28] Complate stored which 28 posts scrapped
[2017-11-06 00:01:28] Scrapping end, Process time: 87.3459231853s
