[2017-11-04 02:00:01] Scraping start
[2017-11-04 02:00:01] Connected Elasticsearch server
[2017-11-04 02:00:02] Opened PhantomJS webdriver
[2017-11-04 02:00:08] Complete to bring blogs seed page
[2017-11-04 02:00:08] Complete to move to travel category
[2017-11-04 02:00:09] Complete to move to domestic travel page
[2017-11-04 02:00:09] Start to parse each posts
[2017-11-04 02:00:09] Click the page - 1page
[2017-11-04 02:00:11] Complate to parse - key_eun_221131841822
[2017-11-04 02:00:11] Complate to percolate - key_eun_221131841822
[2017-11-04 02:00:11] Complate to parse - shine092_221132109646
[2017-11-04 02:00:12] Complate to percolate - shine092_221132109646
[2017-11-04 02:00:12] Complate to parse - lsy5088_221131893455
[2017-11-04 02:00:12] Complate to percolate - lsy5088_221131893455
[2017-11-04 02:00:12] Complate to parse - jajunaga_221131872638
[2017-11-04 02:00:13] Complate to percolate - jajunaga_221131872638
[2017-11-04 02:00:13] Complate to parse - grant2_221132061719
[2017-11-04 02:00:13] Complate to percolate - grant2_221132061719
[2017-11-04 02:00:13] Complate to parse - juco9075_221132110968
[2017-11-04 02:00:14] Complate to percolate - juco9075_221132110968
[2017-11-04 02:00:14] Complate to parse - kpostbank_221131978826
[2017-11-04 02:00:14] Complate to percolate - kpostbank_221131978826
[2017-11-04 02:00:14] Complate to parse - mmmeii_221131974292
[2017-11-04 02:00:15] Complate to percolate - mmmeii_221131974292
[2017-11-04 02:00:15] Complate to parse - youmcholong_221131920080
[2017-11-04 02:00:15] Complate to percolate - youmcholong_221131920080
[2017-11-04 02:00:15] Complate to parse - eriogena_221131166804
[2017-11-04 02:00:16] Complate to percolate - eriogena_221131166804
[2017-11-04 02:00:16] Click the page - 2page
[2017-11-04 02:00:17] Complate to parse - you1620_221131877826
[2017-11-04 02:00:18] Complate to percolate - you1620_221131877826
[2017-11-04 02:00:18] Complate to parse - jmusuri_221131763571
[2017-11-04 02:00:18] Complate to percolate - jmusuri_221131763571
[2017-11-04 02:00:18] Complate to parse - dbstj7142_221131754278
[2017-11-04 02:00:19] Complate to percolate - dbstj7142_221131754278
[2017-11-04 02:00:19] Complate to parse - hanam_story_221131938066
[2017-11-04 02:00:19] Complate to percolate - hanam_story_221131938066
[2017-11-04 02:00:19] Complate to parse - fill121_221131901074
[2017-11-04 02:00:19] Complate to percolate - fill121_221131901074
[2017-11-04 02:00:20] Complate to parse - lpg3388_221131867177
[2017-11-04 02:00:20] Complate to percolate - lpg3388_221131867177
[2017-11-04 02:00:20] Complate to parse - jayyee_221131811363
[2017-11-04 02:00:20] Complate to percolate - jayyee_221131811363
[2017-11-04 02:00:21] Complate to parse - sj3733_221131789827
[2017-11-04 02:00:21] Complate to percolate - sj3733_221131789827
[2017-11-04 02:00:21] Complate to parse - tpsxj8585_221131785477
[2017-11-04 02:00:21] Complate to percolate - tpsxj8585_221131785477
[2017-11-04 02:00:22] Complate to parse - skan5422_221119822603
[2017-11-04 02:00:22] Complate to percolate - skan5422_221119822603
[2017-11-04 02:00:22] Click the page - 3page
[2017-11-04 02:00:24] Complate to parse - newgisadan_221131735395
[2017-11-04 02:00:24] Complate to percolate - newgisadan_221131735395
[2017-11-04 02:00:24] Complate to parse - bluebko_221131957724
[2017-11-04 02:00:25] Complate to percolate - bluebko_221131957724
[2017-11-04 02:00:25] Complate to parse - gndctour_221131921037
[2017-11-04 02:00:25] Complate to percolate - gndctour_221131921037
[2017-11-04 02:00:25] Complate to parse - roye79_221131896898
[2017-11-04 02:00:26] Complate to percolate - roye79_221131896898
[2017-11-04 02:00:26] Complate to parse - kimbestone_221131888018
[2017-11-04 02:00:26] Complate to percolate - kimbestone_221131888018
[2017-11-04 02:00:26] Complate to parse - bnbmoh_221131867528
[2017-11-04 02:00:27] Complate to percolate - bnbmoh_221131867528
[2017-11-04 02:00:27] Complate to parse - leesista_221131847933
[2017-11-04 02:00:27] Complate to percolate - leesista_221131847933
[2017-11-04 02:00:27] Complate to parse - jejulovetour_221131753995
[2017-11-04 02:00:28] Complate to percolate - jejulovetour_221131753995
[2017-11-04 02:00:28] Complate to parse - irisnu_221131936275
[2017-11-04 02:00:28] Complate to percolate - irisnu_221131936275
[2017-11-04 02:00:28] Complate to parse - sksmstls1106_221132048747
[2017-11-04 02:00:28] Complate to percolate - sksmstls1106_221132048747
[2017-11-04 02:00:28] Click the page - 4page
[2017-11-04 02:00:30] Complate to parse - joolp00_221132035554
[2017-11-04 02:00:30] Complate to percolate - joolp00_221132035554
[2017-11-04 02:00:31] Complate to parse - specialpsk1_221131989274
[2017-11-04 02:00:31] Complate to percolate - specialpsk1_221131989274
[2017-11-04 02:00:31] Complate to parse - soon09143_221131942330
[2017-11-04 02:00:31] Complate to percolate - soon09143_221131942330
[2017-11-04 02:00:32] Complate to parse - dlaehdgkspro_221131904110
[2017-11-04 02:00:32] Complate to percolate - dlaehdgkspro_221131904110
[2017-11-04 02:00:32] Complate to parse - 444am__221131837351
[2017-11-04 02:00:32] Complate to percolate - 444am__221131837351
[2017-11-04 02:00:32] Complate to parse - llillo2_221131749054
[2017-11-04 02:00:32] Complate to percolate - llillo2_221131749054
[2017-11-04 02:00:33] Complate to parse - todaylike_221132064534
[2017-11-04 02:00:33] Complate to percolate - todaylike_221132064534
[2017-11-04 02:00:33] Complate to parse - nstand1_221132016978
[2017-11-04 02:00:33] Complate to percolate - nstand1_221132016978
[2017-11-04 02:00:33] Complate to parse - mokchon27_221131827907
[2017-11-04 02:00:34] Complate to percolate - mokchon27_221131827907
[2017-11-04 02:00:34] Complate to parse - exhappyway_221131738436
[2017-11-04 02:00:35] Complate to percolate - exhappyway_221131738436
[2017-11-04 02:00:35] Click the page - 5page
[2017-11-04 02:00:36] Complate to parse - althxodid_221132151113
[2017-11-04 02:00:37] Complate to percolate - althxodid_221132151113
[2017-11-04 02:00:37] Complate to parse - goldenlady73_221132015440
[2017-11-04 02:00:37] Complate to percolate - goldenlady73_221132015440
[2017-11-04 02:00:37] Complate to parse - hanajuni21_221131983400
[2017-11-04 02:00:37] Complate to percolate - hanajuni21_221131983400
[2017-11-04 02:00:38] Complate to parse - jhyang58_221131972884
[2017-11-04 02:00:38] Complate to percolate - jhyang58_221131972884
[2017-11-04 02:00:38] Complate to parse - hanbonggi_221131944853
[2017-11-04 02:00:38] Complate to percolate - hanbonggi_221131944853
[2017-11-04 02:00:39] Complate to parse - skyellow2_221131936095
[2017-11-04 02:00:39] Complate to percolate - skyellow2_221131936095
[2017-11-04 02:00:39] Complate to parse - falconsketch_221131928287
[2017-11-04 02:00:39] Complate to percolate - falconsketch_221131928287
[2017-11-04 02:00:39] Complate to parse - udud9292_221131444519
[2017-11-04 02:00:40] Complate to percolate - udud9292_221131444519
[2017-11-04 02:00:40] Complate to parse - sheila6652_221131915749
[2017-11-04 02:00:40] Complate to percolate - sheila6652_221131915749
[2017-11-04 02:00:40] Complate to parse - maum0577_221131914609
[2017-11-04 02:00:40] Complate to percolate - maum0577_221131914609
[2017-11-04 02:00:40] Click the page - 6page
[2017-11-04 02:00:42] Complate to parse - sajapyung_221131906368
[2017-11-04 02:00:42] Complate to percolate - sajapyung_221131906368
[2017-11-04 02:00:43] Complate to parse - hotelist_221131896729
[2017-11-04 02:00:43] Complate to percolate - hotelist_221131896729
[2017-11-04 02:00:43] Complate to parse - gks4155_221131887222
[2017-11-04 02:00:43] Complate to percolate - gks4155_221131887222
[2017-11-04 02:00:43] Complate to parse - khlsweethome_221131848211
[2017-11-04 02:00:44] Complate to percolate - khlsweethome_221131848211
[2017-11-04 02:00:44] Complate to parse - jh_tour_221131845618
[2017-11-04 02:00:44] Complate to percolate - jh_tour_221131845618
[2017-11-04 02:00:44] Complate to parse - z9205_221131714862
[2017-11-04 02:00:44] Complate to percolate - z9205_221131714862
[2017-11-04 02:00:45] Complate to parse - shootar_221131800032
[2017-11-04 02:00:45] Complate to percolate - shootar_221131800032
[2017-11-04 02:00:45] Complate to parse - hisi78_221131753048
[2017-11-04 02:00:45] Complate to percolate - hisi78_221131753048
[2017-11-04 02:00:45] Complate to parse - tpsxj8585_221131736324
[2017-11-04 02:00:45] Complate to percolate - tpsxj8585_221131736324
[2017-11-04 02:00:46] Complate to parse - bloom5487_221131735844
[2017-11-04 02:00:46] Complate to percolate - bloom5487_221131735844
[2017-11-04 02:00:46] Click the page - 7page
[2017-11-04 02:00:48] Complate to parse - narulove09_221128200621
[2017-11-04 02:00:48] Complate to percolate - narulove09_221128200621
[2017-11-04 02:00:48] Complate to parse - simple_choi_221132111965
[2017-11-04 02:00:48] Complate to percolate - simple_choi_221132111965
[2017-11-04 02:00:48] Complate to parse - maycool0728_221132104764
[2017-11-04 02:00:49] Complate to percolate - maycool0728_221132104764
[2017-11-04 02:00:49] Complate to parse - mh84love_221132093034
[2017-11-04 02:00:49] Complate to percolate - mh84love_221132093034
[2017-11-04 02:00:49] Complate to parse - b_sang_221132088921
[2017-11-04 02:00:49] Complate to percolate - b_sang_221132088921
[2017-11-04 02:00:50] Complate to parse - kugsun12_221132083371
[2017-11-04 02:00:50] Complate to percolate - kugsun12_221132083371
[2017-11-04 02:00:50] Complate to parse - armeise5_221132049039
[2017-11-04 02:00:50] Complate to percolate - armeise5_221132049039
[2017-11-04 02:00:50] Complate to parse - suyeon052_221131962699
[2017-11-04 02:00:51] Complate to percolate - suyeon052_221131962699
[2017-11-04 02:00:51] Complate to parse - kunmerri_221131952797
[2017-11-04 02:00:51] Complate to percolate - kunmerri_221131952797
[2017-11-04 02:00:51] Complate to parse - gndctour_221131913635
[2017-11-04 02:00:51] Complate to percolate - gndctour_221131913635
[2017-11-04 02:00:51] Click the page - 8page
[2017-11-04 02:00:53] Complate to parse - mss2mking_221131838319
[2017-11-04 02:00:54] Complate to percolate - mss2mking_221131838319
[2017-11-04 02:00:54] Complate to parse - suncheonsi_221131736944
[2017-11-04 02:00:54] Complate to percolate - suncheonsi_221131736944
[2017-11-04 02:00:54] Complate to parse - unescobaekje_221128269598
[2017-11-04 02:00:54] Complate to percolate - unescobaekje_221128269598
[2017-11-04 02:00:55] Complate to parse - sun3034sksk_221132128036
[2017-11-04 02:00:55] Complate to percolate - sun3034sksk_221132128036
[2017-11-04 02:00:55] Complate to parse - joye009_221132117892
[2017-11-04 02:00:55] Complate to percolate - joye009_221132117892
[2017-11-04 02:00:56] Complate to parse - geochanggun_221131635544
[2017-11-04 02:00:56] Complate to percolate - geochanggun_221131635544
[2017-11-04 02:00:56] Complate to parse - dreamer_______221131935714
[2017-11-04 02:00:56] Complate to percolate - dreamer_______221131935714
[2017-11-04 02:00:56] Complate to parse - roye79_221131863138
[2017-11-04 02:00:56] Complate to percolate - roye79_221131863138
[2017-11-04 02:00:57] Complate to parse - rockyu205_221120442237
[2017-11-04 02:00:57] Complate to percolate - rockyu205_221120442237
[2017-11-04 02:00:57] Complate to parse - artexhibit_221132114432
[2017-11-04 02:00:57] Complate to percolate - artexhibit_221132114432
[2017-11-04 02:00:57] Click the page - 9page
[2017-11-04 02:00:59] Complate to parse - nicearra_221132059426
[2017-11-04 02:01:00] Complate to percolate - nicearra_221132059426
[2017-11-04 02:01:00] Complate to parse - shslike18_221132020414
[2017-11-04 02:01:00] Complate to percolate - shslike18_221132020414
[2017-11-04 02:01:00] Complate to parse - gridaf_221131959254
[2017-11-04 02:01:00] Complate to percolate - gridaf_221131959254
[2017-11-04 02:01:01] Complate to parse - gridaf_221131911547
[2017-11-04 02:01:01] Complate to percolate - gridaf_221131911547
[2017-11-04 02:01:01] Complate to parse - 333goo_221131902443
[2017-11-04 02:01:01] Complate to percolate - 333goo_221131902443
[2017-11-04 02:01:01] Complate to parse - diz5622_221131883978
[2017-11-04 02:01:01] Complate to percolate - diz5622_221131883978
[2017-11-04 02:01:02] Complate to parse - kskksk0963_221131843000
[2017-11-04 02:01:02] Complate to percolate - kskksk0963_221131843000
[2017-11-04 02:01:02] Complate to parse - rayam_221131810890
[2017-11-04 02:01:02] Complate to percolate - rayam_221131810890
[2017-11-04 02:01:02] Complate to parse - jejuro6001_221131804426
[2017-11-04 02:01:03] Complate to percolate - jejuro6001_221131804426
[2017-11-04 02:01:03] Complate to parse - wtpwtp2016_221131772926
[2017-11-04 02:01:03] Complate to percolate - wtpwtp2016_221131772926
[2017-11-04 02:01:03] Click the page - 10page
[2017-11-04 02:01:05] Complate to parse - wlsrud1318_221131750352
[2017-11-04 02:01:05] Complate to percolate - wlsrud1318_221131750352
[2017-11-04 02:01:05] Complate to parse - 93jeongdahye_221132170610
[2017-11-04 02:01:06] Complate to percolate - 93jeongdahye_221132170610
[2017-11-04 02:01:06] Complate to parse - gongju7000_221132040224
[2017-11-04 02:01:06] Complate to percolate - gongju7000_221132040224
[2017-11-04 02:01:06] Complate to parse - jjworld6_221132035599
[2017-11-04 02:01:06] Complate to percolate - jjworld6_221132035599
[2017-11-04 02:01:07] Complate to parse - sekjin1_221132025675
[2017-11-04 02:01:07] Complate to percolate - sekjin1_221132025675
[2017-11-04 02:01:07] Complate to parse - 1023cdh_221131962346
[2017-11-04 02:01:07] Complate to percolate - 1023cdh_221131962346
[2017-11-04 02:01:07] Complate to parse - xotmddh_221131333493
[2017-11-04 02:01:08] Complate to percolate - xotmddh_221131333493
[2017-11-04 02:01:08] Complate to parse - hshe0622_221131839033
[2017-11-04 02:01:08] Complate to percolate - hshe0622_221131839033
[2017-11-04 02:01:08] Complate to parse - rlachqkd_221131822769
[2017-11-04 02:01:08] Complate to percolate - rlachqkd_221131822769
[2017-11-04 02:01:08] Complate to parse - osghjo_221131733921
[2017-11-04 02:01:09] Complate to percolate - osghjo_221131733921
[2017-11-04 02:01:09] Click the next
[2017-11-04 02:01:09] Click the page - 11page
[2017-11-04 02:01:11] Complate to parse - lechy_221132150828
[2017-11-04 02:01:11] Complate to percolate - lechy_221132150828
[2017-11-04 02:01:11] Complate to parse - mongniyang_221132116258
[2017-11-04 02:01:11] Complate to percolate - mongniyang_221132116258
[2017-11-04 02:01:11] Complate to parse - dct6851_221132098583
[2017-11-04 02:01:12] Complate to percolate - dct6851_221132098583
[2017-11-04 02:01:12] Complate to parse - soda305_221132074315
[2017-11-04 02:01:12] Complate to percolate - soda305_221132074315
[2017-11-04 02:01:12] Complate to parse - hyerinkang09_221132047289
[2017-11-04 02:01:12] Complate to percolate - hyerinkang09_221132047289
[2017-11-04 02:01:12] Complate to parse - babyyang_k_221131192271
[2017-11-04 02:01:13] Complate to percolate - babyyang_k_221131192271
[2017-11-04 02:01:13] Complate to parse - 8302yang_221131975585
[2017-11-04 02:01:13] Complate to percolate - 8302yang_221131975585
[2017-11-04 02:01:13] Complate to parse - nivearein_221131960809
[2017-11-04 02:01:13] Complate to percolate - nivearein_221131960809
[2017-11-04 02:01:14] Complate to parse - chamomile_t_221130246189
[2017-11-04 02:01:14] Complate to percolate - chamomile_t_221130246189
[2017-11-04 02:01:14] Complate to parse - vpass2014_221131929479
[2017-11-04 02:01:14] Complate to percolate - vpass2014_221131929479
[2017-11-04 02:01:14] Click the page - 12page
[2017-11-04 02:01:16] Complate to parse - ewanblue_221131917730
[2017-11-04 02:01:16] Complate to percolate - ewanblue_221131917730
[2017-11-04 02:01:16] Complate to parse - maisonsondemul_221131916036
[2017-11-04 02:01:17] Complate to percolate - maisonsondemul_221131916036
[2017-11-04 02:01:17] Complate to parse - vpassjeju_221131896154
[2017-11-04 02:01:17] Complate to percolate - vpassjeju_221131896154
[2017-11-04 02:01:17] Complate to parse - santaqueen2u_221131891223
[2017-11-04 02:01:17] Complate to percolate - santaqueen2u_221131891223
[2017-11-04 02:01:18] Complate to parse - jma2564_221131867079
[2017-11-04 02:01:18] Complate to percolate - jma2564_221131867079
[2017-11-04 02:01:18] Complate to parse - goystour_221131849623
[2017-11-04 02:01:18] Complate to percolate - goystour_221131849623
[2017-11-04 02:01:18] Complate to parse - sue21_221131846357
[2017-11-04 02:01:19] Complate to percolate - sue21_221131846357
[2017-11-04 02:01:19] Complate to parse - matiz8028_221131808137
[2017-11-04 02:01:19] Complate to percolate - matiz8028_221131808137
[2017-11-04 02:01:19] Complate to parse - ecopic2015_221131770563
[2017-11-04 02:01:19] Complate to percolate - ecopic2015_221131770563
[2017-11-04 02:01:19] Complate to parse - bnosun_221132085162
[2017-11-04 02:01:19] Complate to percolate - bnosun_221132085162
[2017-11-04 02:01:19] Click the page - 13page
[2017-11-04 02:01:21] Complate to parse - fbdudqls4441_221132147014
[2017-11-04 02:01:22] Complate to percolate - fbdudqls4441_221132147014
[2017-11-04 02:01:22] Complate to parse - rkdfurgkrp_221131980996
[2017-11-04 02:01:22] Complate to percolate - rkdfurgkrp_221131980996
[2017-11-04 02:01:22] Complate to parse - yamyami01_221132092075
[2017-11-04 02:01:23] Complate to percolate - yamyami01_221132092075
[2017-11-04 02:01:23] Complate to parse - dirch10_221132055529
[2017-11-04 02:01:23] Complate to percolate - dirch10_221132055529
[2017-11-04 02:01:23] Complate to parse - bbo0305_221132044258
[2017-11-04 02:01:23] Complate to percolate - bbo0305_221132044258
[2017-11-04 02:01:24] Complate to parse - tunpark_221132035042
[2017-11-04 02:01:24] Complate to percolate - tunpark_221132035042
[2017-11-04 02:01:24] Complate to parse - ssunnong_221132010749
[2017-11-04 02:01:24] Complate to percolate - ssunnong_221132010749
[2017-11-04 02:01:24] Complate to parse - 2004ms_221131983945
[2017-11-04 02:01:25] Complate to percolate - 2004ms_221131983945
[2017-11-04 02:01:25] Complate to parse - suncheonsi_221131926737
[2017-11-04 02:01:25] Complate to percolate - suncheonsi_221131926737
[2017-11-04 02:01:25] Complate to parse - sseyeonny_221131912092
[2017-11-04 02:01:25] Complate to percolate - sseyeonny_221131912092
[2017-11-04 02:01:25] Click the page - 14page
[2017-11-04 02:01:27] Complate to parse - wwwon2_221131905812
[2017-11-04 02:01:28] Complate to percolate - wwwon2_221131905812
[2017-11-04 02:01:28] Complate to parse - konjiamblog_221131901806
[2017-11-04 02:01:28] Complate to percolate - konjiamblog_221131901806
[2017-11-04 02:01:28] Complate to parse - kallilogue_221131900468
[2017-11-04 02:01:29] Complate to percolate - kallilogue_221131900468
[2017-11-04 02:01:29] Complate to parse - ssunnong_221131853416
[2017-11-04 02:01:29] Complate to percolate - ssunnong_221131853416
[2017-11-04 02:01:29] Complate to parse - paradise_tnl_221131814038
[2017-11-04 02:01:29] Complate to percolate - paradise_tnl_221131814038
[2017-11-04 02:01:30] Complate to parse - minji6435_221131803695
[2017-11-04 02:01:30] Complate to percolate - minji6435_221131803695
[2017-11-04 02:01:30] Complate to parse - dh_k1995_221131789266
[2017-11-04 02:01:30] Complate to percolate - dh_k1995_221131789266
[2017-11-04 02:01:30] Complate to parse - airbag1_221131764954
[2017-11-04 02:01:31] Complate to percolate - airbag1_221131764954
[2017-11-04 02:01:31] Complate to parse - gks4155_221131752962
[2017-11-04 02:01:31] Complate to percolate - gks4155_221131752962
[2017-11-04 02:01:31] Complate to parse - elly_sia_221131036154
[2017-11-04 02:01:31] Complate to percolate - elly_sia_221131036154
[2017-11-04 02:01:31] Click the page - 15page
[2017-11-04 02:01:33] Complate to parse - joolp00_221132038354
[2017-11-04 02:01:33] Complate to percolate - joolp00_221132038354
[2017-11-04 02:01:34] Complate to parse - sonia03077_221132109428
[2017-11-04 02:01:34] Complate to percolate - sonia03077_221132109428
[2017-11-04 02:01:34] Complate to parse - namhaestorys_221132102145
[2017-11-04 02:01:34] Complate to percolate - namhaestorys_221132102145
[2017-11-04 02:01:34] Complate to parse - trekker8_221132099924
[2017-11-04 02:01:35] Complate to percolate - trekker8_221132099924
[2017-11-04 02:01:35] Complate to parse - kkhoon6543_221132093449
[2017-11-04 02:01:35] Complate to percolate - kkhoon6543_221132093449
[2017-11-04 02:01:35] Complate to parse - jbgjbg1013_221132074841
[2017-11-04 02:01:35] Complate to percolate - jbgjbg1013_221132074841
[2017-11-04 02:01:35] Complate to parse - hyoung4647_221132070130
[2017-11-04 02:01:36] Complate to percolate - hyoung4647_221132070130
[2017-11-04 02:01:36] Complate to parse - trekker8_221132062311
[2017-11-04 02:01:36] Complate to percolate - trekker8_221132062311
[2017-11-04 02:01:37] Complate to parse - 19454861_221132059632
[2017-11-04 02:01:37] Complate to percolate - 19454861_221132059632
[2017-11-04 02:01:37] Complate to parse - salee7908_221132001339
[2017-11-04 02:01:37] Complate to percolate - salee7908_221132001339
[2017-11-04 02:01:37] Click the page - 16page
[2017-11-04 02:01:39] Complate to parse - ehyeone_221131971509
[2017-11-04 02:01:39] Complate to percolate - ehyeone_221131971509
[2017-11-04 02:01:39] Complate to parse - jeju8253_221131943528
[2017-11-04 02:01:40] Complate to percolate - jeju8253_221131943528
[2017-11-04 02:01:40] Complate to parse - 02328509470_221131818634
[2017-11-04 02:01:40] Complate to percolate - 02328509470_221131818634
[2017-11-04 02:01:40] Complate to parse - namhaestorys_221131940349
[2017-11-04 02:01:40] Complate to percolate - namhaestorys_221131940349
[2017-11-04 02:01:41] Complate to parse - hnn888_221131730587
[2017-11-04 02:01:41] Complate to percolate - hnn888_221131730587
[2017-11-04 02:01:41] Complate to parse - zoom_in__221131902862
[2017-11-04 02:01:41] Complate to percolate - zoom_in__221131902862
[2017-11-04 02:01:41] Complate to parse - namhaestorys_221131895920
[2017-11-04 02:01:42] Complate to percolate - namhaestorys_221131895920
[2017-11-04 02:01:42] Complate to parse - sklec_221131882143
[2017-11-04 02:01:42] Complate to percolate - sklec_221131882143
[2017-11-04 02:01:42] Complate to parse - sera8668_221131863615
[2017-11-04 02:01:42] Complate to percolate - sera8668_221131863615
[2017-11-04 02:01:43] Complate to parse - s2travel_221131860553
[2017-11-04 02:01:43] Complate to percolate - s2travel_221131860553
[2017-11-04 02:01:43] Click the page - 17page
[2017-11-04 02:01:45] Complate to parse - cafeinfofam_221131841004
[2017-11-04 02:01:45] Complate to percolate - cafeinfofam_221131841004
[2017-11-04 02:01:45] Complate to parse - dasolphoto_221131802096
[2017-11-04 02:01:45] Complate to percolate - dasolphoto_221131802096
[2017-11-04 02:01:45] Complate to parse - hana-masterpiece_221131795260
[2017-11-04 02:01:46] Complate to percolate - hana-masterpiece_221131795260
[2017-11-04 02:01:46] Complate to parse - dal9548_221131775518
[2017-11-04 02:01:46] Complate to percolate - dal9548_221131775518
[2017-11-04 02:01:46] Complate to parse - channelblog_221131766667
[2017-11-04 02:01:46] Complate to percolate - channelblog_221131766667
[2017-11-04 02:01:47] Complate to parse - wndp2023_221132154130
[2017-11-04 02:01:47] Complate to percolate - wndp2023_221132154130
[2017-11-04 02:01:47] Complate to parse - artraving_221132150054
[2017-11-04 02:01:47] Complate to percolate - artraving_221132150054
[2017-11-04 02:01:48] Complate to parse - jinmomo_221132147239
[2017-11-04 02:01:48] Complate to percolate - jinmomo_221132147239
[2017-11-04 02:01:48] Complate to parse - lcu99_221132108472
[2017-11-04 02:01:48] Complate to percolate - lcu99_221132108472
[2017-11-04 02:01:49] Complate to parse - return0724_221132083300
[2017-11-04 02:01:49] Complate to percolate - return0724_221132083300
[2017-11-04 02:01:49] Click the page - 18page
[2017-11-04 02:01:51] Complate to parse - elliws_221131581041
[2017-11-04 02:01:51] Complate to percolate - elliws_221131581041
[2017-11-04 02:01:51] Complate to parse - geochanggun_221132026181
[2017-11-04 02:01:51] Complate to percolate - geochanggun_221132026181
[2017-11-04 02:01:52] Complate to parse - s77671446_221131985995
[2017-11-04 02:01:52] Complate to percolate - s77671446_221131985995
[2017-11-04 02:01:52] Complate to parse - sggold12_221131966859
[2017-11-04 02:01:52] Complate to percolate - sggold12_221131966859
[2017-11-04 02:01:52] Complate to parse - ssob81_221131829268
[2017-11-04 02:01:53] Complate to percolate - ssob81_221131829268
[2017-11-04 02:01:53] Complate to parse - skygo2032_221131798269
[2017-11-04 02:01:53] Complate to percolate - skygo2032_221131798269
[2017-11-04 02:01:53] Complate to parse - bokteogine_221131798047
[2017-11-04 02:01:53] Complate to percolate - bokteogine_221131798047
[2017-11-04 02:01:54] Complate to parse - hisosig_221131752805
[2017-11-04 02:01:54] Complate to percolate - hisosig_221131752805
[2017-11-04 02:01:54] Complate to parse - ghkdakfqhr_221131735698
[2017-11-04 02:01:54] Complate to percolate - ghkdakfqhr_221131735698
[2017-11-04 02:01:54] Complate to parse - 2remona2_221132165500
[2017-11-04 02:01:55] Complate to percolate - 2remona2_221132165500
[2017-11-04 02:01:55] Click the page - 19page
[2017-11-04 02:01:56] Complate to parse - whiteday8277_221132142778
[2017-11-04 02:01:57] Complate to percolate - whiteday8277_221132142778
[2017-11-04 02:01:57] Complate to parse - trekker8_221132090145
[2017-11-04 02:01:57] Complate to percolate - trekker8_221132090145
[2017-11-04 02:01:57] Complate to parse - hanbonggi_221132070108
[2017-11-04 02:01:57] Complate to percolate - hanbonggi_221132070108
[2017-11-04 02:01:58] Complate to parse - dirnthsus427_221132039969
[2017-11-04 02:01:58] Complate to percolate - dirnthsus427_221132039969
[2017-11-04 02:01:58] Complate to parse - koolhaas75_221131929291
[2017-11-04 02:01:58] Complate to percolate - koolhaas75_221131929291
[2017-11-04 02:01:58] Complate to parse - sky98736228_221131920201
[2017-11-04 02:01:59] Complate to percolate - sky98736228_221131920201
[2017-11-04 02:01:59] Complate to parse - ehdghkakzpt_221131855494
[2017-11-04 02:01:59] Complate to percolate - ehdghkakzpt_221131855494
[2017-11-04 02:01:59] Complate to parse - gpdlsdlqkd_221131800829
[2017-11-04 02:01:59] Complate to percolate - gpdlsdlqkd_221131800829
[2017-11-04 02:01:59] Complate to parse - blindsonar_221131833090
[2017-11-04 02:02:00] Complate to percolate - blindsonar_221131833090
[2017-11-04 02:02:00] Complate to parse - skyi1707_221131788572
[2017-11-04 02:02:00] Complate to percolate - skyi1707_221131788572
[2017-11-04 02:02:00] Click the page - 20page
[2017-11-04 02:02:02] Complate to parse - baiksange_221131787830
[2017-11-04 02:02:02] Complate to percolate - baiksange_221131787830
[2017-11-04 02:02:02] Complate to parse - bird1078_221131764515
[2017-11-04 02:02:03] Complate to percolate - bird1078_221131764515
[2017-11-04 02:02:03] Complate to parse - eliezer0207_221131761249
[2017-11-04 02:02:03] Complate to percolate - eliezer0207_221131761249
[2017-11-04 02:02:03] Complate to parse - n9121_221132165118
[2017-11-04 02:02:03] Complate to percolate - n9121_221132165118
[2017-11-04 02:02:03] Complate to parse - chfhrqoa53_221132153844
[2017-11-04 02:02:04] Complate to percolate - chfhrqoa53_221132153844
[2017-11-04 02:02:04] Complate to parse - cognos57_221128950245
[2017-11-04 02:02:04] Complate to percolate - cognos57_221128950245
[2017-11-04 02:02:04] Complate to parse - koaiko86_221132147192
[2017-11-04 02:02:04] Complate to percolate - koaiko86_221132147192
[2017-11-04 02:02:05] Complate to parse - kids8380_221131856504
[2017-11-04 02:02:05] Complate to percolate - kids8380_221131856504
[2017-11-04 02:02:05] Complate to parse - kokage1120_221132136171
[2017-11-04 02:02:05] Complate to percolate - kokage1120_221132136171
[2017-11-04 02:02:05] Complate to parse - ey6202_221132133134
[2017-11-04 02:02:06] Complate to percolate - ey6202_221132133134
[2017-11-04 02:02:06] Click the next
[2017-11-04 02:02:06] Complate stored which 200 posts scrapped
[2017-11-04 02:02:06] Scrapping end, Process time: 124.316658974s
