[2017-11-08 03:00:01] Scraping start
[2017-11-08 03:00:01] Connected Elasticsearch server
[2017-11-08 03:00:02] Opened PhantomJS webdriver
[2017-11-08 03:00:03] Complete to bring blogs seed page
[2017-11-08 03:00:04] Complete to move to travel category
[2017-11-08 03:00:04] Complete to move to domestic travel page
[2017-11-08 03:00:04] Start to parse each posts
[2017-11-08 03:00:04] Click the page - 1page
[2017-11-08 03:00:06] Complate to parse - scpark1214_221134743522
[2017-11-08 03:00:06] Error - Already exists document
[2017-11-08 03:00:06] Complate to parse - qnfjqekqnfjdnj_221134840496
[2017-11-08 03:00:06] Error - Already exists document
[2017-11-08 03:00:06] Complate to parse - oblove3_221134869690
[2017-11-08 03:00:06] Error - Already exists document
[2017-11-08 03:00:07] Complate to parse - wjsurdpqhk_221134728907
[2017-11-08 03:00:07] Error - Already exists document
[2017-11-08 03:00:07] Complate to parse - ksb115205_221134649828
[2017-11-08 03:00:07] Error - Already exists document
[2017-11-08 03:00:07] Complate to parse - sopoongjeju_221134631318
[2017-11-08 03:00:07] Error - Already exists document
[2017-11-08 03:00:07] Complate to parse - tazan00009_221134529284
[2017-11-08 03:00:07] Error - Already exists document
[2017-11-08 03:00:07] Complate to parse - bling0430_221134552794
[2017-11-08 03:00:07] Error - Already exists document
[2017-11-08 03:00:08] Complate to parse - ybg_baram_221134893090
[2017-11-08 03:00:08] Error - Already exists document
[2017-11-08 03:00:08] Complate to parse - bmcg1_221134754848
[2017-11-08 03:00:08] Error - Already exists document
[2017-11-08 03:00:08] Click the page - 2page
[2017-11-08 03:00:10] Complate to parse - choikoil_221134750804
[2017-11-08 03:00:10] Error - Already exists document
[2017-11-08 03:00:10] Complate to parse - newgisadan_221134575856
[2017-11-08 03:00:10] Error - Already exists document
[2017-11-08 03:00:10] Complate to parse - aurtkfwkqdl_221134826385
[2017-11-08 03:00:10] Error - Already exists document
[2017-11-08 03:00:11] Complate to parse - hexeph_221134772305
[2017-11-08 03:00:11] Error - Already exists document
[2017-11-08 03:00:11] Complate to parse - lyu1388_221134717700
[2017-11-08 03:00:11] Error - Already exists document
[2017-11-08 03:00:11] Complate to parse - ohho52_221134685334
[2017-11-08 03:00:11] Error - Already exists document
[2017-11-08 03:00:11] Complate to parse - vegemilstory_221134647378
[2017-11-08 03:00:11] Error - Already exists document
[2017-11-08 03:00:11] Complate to parse - wnhjeju_221134642846
[2017-11-08 03:00:11] Error - Already exists document
[2017-11-08 03:00:11] Complate to parse - dailytalk_hy_221134956249
[2017-11-08 03:00:11] Error - Already exists document
[2017-11-08 03:00:12] Complate to parse - lovtrout_221134859816
[2017-11-08 03:00:12] Error - Already exists document
[2017-11-08 03:00:12] Click the page - 3page
[2017-11-08 03:00:14] Complate to parse - jirisan72_221134749251
[2017-11-08 03:00:14] Error - Already exists document
[2017-11-08 03:00:14] Complate to parse - potoi_221134669611
[2017-11-08 03:00:14] Error - Already exists document
[2017-11-08 03:00:14] Complate to parse - hayanee_221134626672
[2017-11-08 03:00:14] Error - Already exists document
[2017-11-08 03:00:14] Complate to parse - capzzang70_221134571888
[2017-11-08 03:00:14] Error - Already exists document
[2017-11-08 03:00:14] Complate to parse - kissi3oy_221134779374
[2017-11-08 03:00:14] Error - Already exists document
[2017-11-08 03:00:15] Complate to parse - cyberbinpol_221134776563
[2017-11-08 03:00:15] Error - Already exists document
[2017-11-08 03:00:15] Complate to parse - joon-ri-1215_221134719323
[2017-11-08 03:00:15] Error - Already exists document
[2017-11-08 03:00:15] Complate to parse - bnbmoh_221134657447
[2017-11-08 03:00:15] Error - Already exists document
[2017-11-08 03:00:15] Complate to parse - suncheonsi_221134689948
[2017-11-08 03:00:15] Error - Already exists document
[2017-11-08 03:00:15] Complate to parse - so9122_221134662948
[2017-11-08 03:00:15] Error - Already exists document
[2017-11-08 03:00:15] Click the page - 4page
[2017-11-08 03:00:17] Complate to parse - mylittlechan_221134656985
[2017-11-08 03:00:17] Error - Already exists document
[2017-11-08 03:00:18] Complate to parse - gndctour_221134603428
[2017-11-08 03:00:18] Error - Already exists document
[2017-11-08 03:00:18] Complate to parse - madecolor_221134563568
[2017-11-08 03:00:18] Error - Already exists document
[2017-11-08 03:00:18] Complate to parse - trueka20_221134914945
[2017-11-08 03:00:18] Error - Already exists document
[2017-11-08 03:00:18] Complate to parse - acura06_221134675109
[2017-11-08 03:00:18] Error - Already exists document
[2017-11-08 03:00:18] Complate to parse - kunby_221134632472
[2017-11-08 03:00:18] Error - Already exists document
[2017-11-08 03:00:19] Complate to parse - fbf52_221134605477
[2017-11-08 03:00:19] Error - Already exists document
[2017-11-08 03:00:19] Complate to parse - canvaslab_221134793927
[2017-11-08 03:00:19] Error - Already exists document
[2017-11-08 03:00:19] Complate to parse - nopqda_221134706866
[2017-11-08 03:00:19] Error - Already exists document
[2017-11-08 03:00:19] Complate to parse - armful31_221134590765
[2017-11-08 03:00:19] Error - Already exists document
[2017-11-08 03:00:19] Click the page - 5page
[2017-11-08 03:00:21] Complate to parse - whiteday8277_221134582191
[2017-11-08 03:00:21] Error - Already exists document
[2017-11-08 03:00:21] Complate to parse - soot3879_221134158309
[2017-11-08 03:00:21] Error - Already exists document
[2017-11-08 03:00:21] Complate to parse - 2_eunjee_221134937709
[2017-11-08 03:00:21] Error - Already exists document
[2017-11-08 03:00:22] Complate to parse - candyra9_221134922238
[2017-11-08 03:00:22] Error - Already exists document
[2017-11-08 03:00:22] Complate to parse - sinymi77_221134918841
[2017-11-08 03:00:22] Error - Already exists document
[2017-11-08 03:00:22] Complate to parse - ailee06_221134913628
[2017-11-08 03:00:22] Error - Already exists document
[2017-11-08 03:00:22] Complate to parse - you1620_221134810134
[2017-11-08 03:00:22] Error - Already exists document
[2017-11-08 03:00:22] Complate to parse - woo4132_221134798646
[2017-11-08 03:00:22] Error - Already exists document
[2017-11-08 03:00:23] Complate to parse - congcookin_221134779975
[2017-11-08 03:00:23] Error - Already exists document
[2017-11-08 03:00:23] Complate to parse - jejubloger_221134740983
[2017-11-08 03:00:23] Error - Already exists document
[2017-11-08 03:00:23] Click the page - 6page
[2017-11-08 03:00:25] Complate to parse - lovingssu_221134725034
[2017-11-08 03:00:25] Error - Already exists document
[2017-11-08 03:00:25] Complate to parse - nam1991_221134615105
[2017-11-08 03:00:25] Error - Already exists document
[2017-11-08 03:00:25] Complate to parse - flyhighbaby_221134653955
[2017-11-08 03:00:25] Error - Already exists document
[2017-11-08 03:00:25] Complate to parse - rlaskfl26_221134633063
[2017-11-08 03:00:25] Error - Already exists document
[2017-11-08 03:00:25] Complate to parse - kpgg00_221134569208
[2017-11-08 03:00:25] Error - Already exists document
[2017-11-08 03:00:25] Complate to parse - km910102_221134562647
[2017-11-08 03:00:25] Error - Already exists document
[2017-11-08 03:00:26] Complate to parse - aejbaby_221134965258
[2017-11-08 03:00:26] Error - Already exists document
[2017-11-08 03:00:26] Complate to parse - natur_herz_221134955234
[2017-11-08 03:00:26] Error - Already exists document
[2017-11-08 03:00:26] Complate to parse - giyoung0901_221134806686
[2017-11-08 03:00:26] Error - Already exists document
[2017-11-08 03:00:26] Complate to parse - jongsulim_221134725949
[2017-11-08 03:00:26] Error - Already exists document
[2017-11-08 03:00:26] Click the page - 7page
[2017-11-08 03:00:28] Complate to parse - gndctour_221134640533
[2017-11-08 03:00:28] Error - Already exists document
[2017-11-08 03:00:28] Complate to parse - jjung8102_221134589043
[2017-11-08 03:00:28] Error - Already exists document
[2017-11-08 03:00:29] Complate to parse - kangchonplay_221134581748
[2017-11-08 03:00:29] Error - Already exists document
[2017-11-08 03:00:29] Complate to parse - the_trip_221134565163
[2017-11-08 03:00:29] Error - Already exists document
[2017-11-08 03:00:29] Complate to parse - chaein9885_221134934487
[2017-11-08 03:00:29] Error - Already exists document
[2017-11-08 03:00:29] Complate to parse - hyeon10108_221134860492
[2017-11-08 03:00:29] Error - Already exists document
[2017-11-08 03:00:30] Complate to parse - gy00ny_221134732964
[2017-11-08 03:00:30] Error - Already exists document
[2017-11-08 03:00:30] Complate to parse - joolp00_221134711000
[2017-11-08 03:00:30] Error - Already exists document
[2017-11-08 03:00:30] Complate to parse - bonnylady912_221134696750
[2017-11-08 03:00:30] Error - Already exists document
[2017-11-08 03:00:30] Complate to parse - kissi3oy_221134660653
[2017-11-08 03:00:30] Error - Already exists document
[2017-11-08 03:00:30] Click the page - 8page
[2017-11-08 03:00:32] Complate to parse - nscity_221134585217
[2017-11-08 03:00:32] Error - Already exists document
[2017-11-08 03:00:32] Complate to parse - seon7689_221134094401
[2017-11-08 03:00:32] Error - Already exists document
[2017-11-08 03:00:32] Complate to parse - allylove88_221134623751
[2017-11-08 03:00:32] Error - Already exists document
[2017-11-08 03:00:33] Complate to parse - namdokorea_221134569144
[2017-11-08 03:00:33] Error - Already exists document
[2017-11-08 03:00:33] Complate to parse - salee7908_221134918390
[2017-11-08 03:00:33] Error - Already exists document
[2017-11-08 03:00:33] Complate to parse - goofysms2_221134824038
[2017-11-08 03:00:33] Error - Already exists document
[2017-11-08 03:00:33] Complate to parse - dropy_221134805156
[2017-11-08 03:00:33] Error - Already exists document
[2017-11-08 03:00:33] Complate to parse - s2travel_221134700780
[2017-11-08 03:00:33] Error - Already exists document
[2017-11-08 03:00:33] Complate to parse - reise95_221134698819
[2017-11-08 03:00:33] Error - Already exists document
[2017-11-08 03:00:34] Complate to parse - greatkwon17_221134643474
[2017-11-08 03:00:34] Error - Already exists document
[2017-11-08 03:00:34] Click the page - 9page
[2017-11-08 03:00:36] Complate to parse - cherrylove22_221133104984
[2017-11-08 03:00:36] Error - Already exists document
[2017-11-08 03:00:36] Complate to parse - cybertoplee_221134612680
[2017-11-08 03:00:36] Error - Already exists document
[2017-11-08 03:00:36] Complate to parse - lsh5755_221134610856
[2017-11-08 03:00:36] Error - Already exists document
[2017-11-08 03:00:36] Complate to parse - yoojy10_221134549122
[2017-11-08 03:00:36] Error - Already exists document
[2017-11-08 03:00:37] Complate to parse - badddda_221134552487
[2017-11-08 03:00:37] Error - Already exists document
[2017-11-08 03:00:37] Complate to parse - yangju619_221134550160
[2017-11-08 03:00:37] Error - Already exists document
[2017-11-08 03:00:37] Complate to parse - woo_planet_221134852609
[2017-11-08 03:00:37] Error - Already exists document
[2017-11-08 03:00:37] Complate to parse - risapa_221134948072
[2017-11-08 03:00:37] Error - Already exists document
[2017-11-08 03:00:37] Complate to parse - 3000km_221134920383
[2017-11-08 03:00:37] Error - Already exists document
[2017-11-08 03:00:38] Complate to parse - koolhaas75_221134814117
[2017-11-08 03:00:38] Error - Already exists document
[2017-11-08 03:00:38] Click the page - 10page
[2017-11-08 03:00:40] Complate to parse - shensubin_221134788218
[2017-11-08 03:00:40] Error - Already exists document
[2017-11-08 03:00:40] Complate to parse - shinhye1014_221134741394
[2017-11-08 03:00:40] Error - Already exists document
[2017-11-08 03:00:40] Complate to parse - jjangrafting_221134718526
[2017-11-08 03:00:40] Error - Already exists document
[2017-11-08 03:00:41] Complate to parse - beomzzi_221134671966
[2017-11-08 03:00:41] Error - Already exists document
[2017-11-08 03:00:41] Complate to parse - gndctour_221134623123
[2017-11-08 03:00:41] Error - Already exists document
[2017-11-08 03:00:41] Complate to parse - jikwangk_221134551022
[2017-11-08 03:00:41] Error - Already exists document
[2017-11-08 03:00:41] Complate to parse - snslive_221127206021
[2017-11-08 03:00:41] Error - Already exists document
[2017-11-08 03:00:41] Complate to parse - tjdan6161_221134923443
[2017-11-08 03:00:41] Error - Already exists document
[2017-11-08 03:00:42] Complate to parse - komyou07_221134919859
[2017-11-08 03:00:42] Error - Already exists document
[2017-11-08 03:00:42] Complate to parse - im7769_221134872861
[2017-11-08 03:00:42] Error - Already exists document
[2017-11-08 03:00:42] Click the next
[2017-11-08 03:00:42] Click the page - 11page
[2017-11-08 03:00:44] Complate to parse - hongwind323_221134818190
[2017-11-08 03:00:44] Error - Already exists document
[2017-11-08 03:00:44] Complate to parse - kidari0727_221134793567
[2017-11-08 03:00:44] Error - Already exists document
[2017-11-08 03:00:44] Complate to parse - daeguvisit_221134593935
[2017-11-08 03:00:44] Error - Already exists document
[2017-11-08 03:00:44] Complate to parse - eunink_221134738867
[2017-11-08 03:00:44] Complate to percolate - eunink_221134738867
[2017-11-08 03:00:45] Complate to parse - chunghwan69_221134668334
[2017-11-08 03:00:45] Error - Already exists document
[2017-11-08 03:00:45] Complate to parse - gndctour_221134662149
[2017-11-08 03:00:45] Error - Already exists document
[2017-11-08 03:00:45] Complate to parse - korailblog_221134629312
[2017-11-08 03:00:45] Error - Already exists document
[2017-11-08 03:00:45] Complate to parse - babusl_221134627894
[2017-11-08 03:00:45] Error - Already exists document
[2017-11-08 03:00:45] Complate to parse - gmfmatm777_221134619686
[2017-11-08 03:00:45] Error - Already exists document
[2017-11-08 03:00:45] Complate to parse - lemontree1116_221134619295
[2017-11-08 03:00:45] Error - Already exists document
[2017-11-08 03:00:45] Click the page - 12page
[2017-11-08 03:00:47] Complate to parse - zerokim200_221134618231
[2017-11-08 03:00:47] Error - Already exists document
[2017-11-08 03:00:47] Complate to parse - feny_221134611945
[2017-11-08 03:00:47] Error - Already exists document
[2017-11-08 03:00:48] Complate to parse - forenja_221134593912
[2017-11-08 03:00:48] Error - Already exists document
[2017-11-08 03:00:48] Complate to parse - jinju5471_221134574191
[2017-11-08 03:00:48] Error - Already exists document
[2017-11-08 03:00:48] Complate to parse - nextar20_221134559122
[2017-11-08 03:00:48] Error - Already exists document
[2017-11-08 03:00:48] Complate to parse - consockorea_221134966480
[2017-11-08 03:00:48] Error - Already exists document
[2017-11-08 03:00:48] Complate to parse - gongju7000_221134959743
[2017-11-08 03:00:48] Error - Already exists document
[2017-11-08 03:00:48] Complate to parse - titicoca_221134953670
[2017-11-08 03:00:48] Error - Already exists document
[2017-11-08 03:00:49] Complate to parse - katarina1213_221134949965
[2017-11-08 03:00:49] Error - Already exists document
[2017-11-08 03:00:49] Complate to parse - 7lovei_221134938396
[2017-11-08 03:00:49] Error - Already exists document
[2017-11-08 03:00:49] Click the page - 13page
[2017-11-08 03:00:51] Complate to parse - tofl3107_221134912739
[2017-11-08 03:00:51] Error - Already exists document
[2017-11-08 03:00:51] Complate to parse - iamromy_221134897818
[2017-11-08 03:00:51] Error - Already exists document
[2017-11-08 03:00:51] Complate to parse - koaiko86_221134892390
[2017-11-08 03:00:51] Error - Already exists document
[2017-11-08 03:00:51] Complate to parse - oliverbh_221134871387
[2017-11-08 03:00:51] Error - Already exists document
[2017-11-08 03:00:51] Complate to parse - palm365_221134868151
[2017-11-08 03:00:51] Error - Already exists document
[2017-11-08 03:00:52] Complate to parse - kimky605_221134849707
[2017-11-08 03:00:52] Error - Already exists document
[2017-11-08 03:00:52] Complate to parse - tnvlfwjd_221134782611
[2017-11-08 03:00:52] Error - Already exists document
[2017-11-08 03:00:52] Complate to parse - citybloom_221134750146
[2017-11-08 03:00:52] Complate to percolate - citybloom_221134750146
[2017-11-08 03:00:52] Complate to parse - wwjhlav_221134726632
[2017-11-08 03:00:52] Error - Already exists document
[2017-11-08 03:00:53] Complate to parse - hdh_0125_221134699964
[2017-11-08 03:00:53] Error - Already exists document
[2017-11-08 03:00:53] Click the page - 14page
[2017-11-08 03:00:54] Complate to parse - belkara_221134681759
[2017-11-08 03:00:54] Error - Already exists document
[2017-11-08 03:00:55] Complate to parse - yoritime_221134674379
[2017-11-08 03:00:55] Error - Already exists document
[2017-11-08 03:00:55] Complate to parse - hj__0721_221134653511
[2017-11-08 03:00:55] Error - Already exists document
[2017-11-08 03:00:55] Complate to parse - wwjhlav_221134602258
[2017-11-08 03:00:55] Error - Already exists document
[2017-11-08 03:00:55] Complate to parse - irelsuga_221134591500
[2017-11-08 03:00:55] Error - Already exists document
[2017-11-08 03:00:55] Complate to parse - kenjeju_221134527891
[2017-11-08 03:00:55] Error - Already exists document
[2017-11-08 03:00:56] Complate to parse - juomsook21_221135011966
[2017-11-08 03:00:56] Complate to percolate - juomsook21_221135011966
[2017-11-08 03:00:56] Complate to parse - jmkida282_221134982348
[2017-11-08 03:00:56] Error - Already exists document
[2017-11-08 03:00:56] Complate to parse - goppaba_221134957875
[2017-11-08 03:00:56] Error - Already exists document
[2017-11-08 03:00:56] Complate to parse - choichokk_221133294178
[2017-11-08 03:00:56] Error - Already exists document
[2017-11-08 03:00:56] Click the page - 15page
[2017-11-08 03:00:58] Complate to parse - emmastar_221134915293
[2017-11-08 03:00:58] Error - Already exists document
[2017-11-08 03:00:59] Complate to parse - qara66_221134880971
[2017-11-08 03:00:59] Error - Already exists document
[2017-11-08 03:00:59] Complate to parse - nkero77_221134878425
[2017-11-08 03:00:59] Error - Already exists document
[2017-11-08 03:00:59] Complate to parse - hakppp_221134828633
[2017-11-08 03:00:59] Error - Already exists document
[2017-11-08 03:00:59] Complate to parse - sugidanji_221134814619
[2017-11-08 03:00:59] Error - Already exists document
[2017-11-08 03:00:59] Complate to parse - sjhe8808_221134811063
[2017-11-08 03:00:59] Error - Already exists document
[2017-11-08 03:01:00] Complate to parse - 333goo_221134798135
[2017-11-08 03:01:00] Complate to percolate - 333goo_221134798135
[2017-11-08 03:01:00] Complate to parse - suna27_221134642580
[2017-11-08 03:01:00] Error - Already exists document
[2017-11-08 03:01:00] Complate to parse - greatkwon17_221134691318
[2017-11-08 03:01:00] Error - Already exists document
[2017-11-08 03:01:00] Complate to parse - miryangsi_221133778889
[2017-11-08 03:01:00] Error - Already exists document
[2017-11-08 03:01:00] Click the page - 16page
[2017-11-08 03:01:02] Complate to parse - rlaskaeod_221134647126
[2017-11-08 03:01:02] Error - Already exists document
[2017-11-08 03:01:02] Complate to parse - sugaramor_221134646507
[2017-11-08 03:01:02] Error - Already exists document
[2017-11-08 03:01:03] Complate to parse - ja00700_221133926672
[2017-11-08 03:01:03] Error - Already exists document
[2017-11-08 03:01:03] Complate to parse - sunjung0407_221134024950
[2017-11-08 03:01:03] Error - Already exists document
[2017-11-08 03:01:03] Complate to parse - dasolphoto_221134453205
[2017-11-08 03:01:03] Error - Already exists document
[2017-11-08 03:01:03] Complate to parse - jejurangjhrang_221134805692
[2017-11-08 03:01:03] Error - Already exists document
[2017-11-08 03:01:03] Complate to parse - 7wayjeju_221134949560
[2017-11-08 03:01:03] Error - Already exists document
[2017-11-08 03:01:03] Complate to parse - bive1y_221134925664
[2017-11-08 03:01:04] Complate to percolate - bive1y_221134925664
[2017-11-08 03:01:04] Complate to parse - ddoi230_221134878850
[2017-11-08 03:01:04] Error - Already exists document
[2017-11-08 03:01:04] Complate to parse - tmddlf_221134861921
[2017-11-08 03:01:04] Error - Already exists document
[2017-11-08 03:01:04] Click the page - 17page
[2017-11-08 03:01:06] Complate to parse - onlyh5t3535_221134854349
[2017-11-08 03:01:06] Error - Already exists document
[2017-11-08 03:01:06] Complate to parse - gingoba2_221134805310
[2017-11-08 03:01:06] Error - Already exists document
[2017-11-08 03:01:06] Complate to parse - dahamida_221134795494
[2017-11-08 03:01:06] Error - Already exists document
[2017-11-08 03:01:06] Complate to parse - goofysms2_221134795098
[2017-11-08 03:01:06] Error - Already exists document
[2017-11-08 03:01:07] Complate to parse - hongje5233_221096217589
[2017-11-08 03:01:07] Error - Already exists document
[2017-11-08 03:01:07] Complate to parse - love846846_221134748563
[2017-11-08 03:01:07] Error - Already exists document
[2017-11-08 03:01:07] Complate to parse - dlaehdgkspro_221131062908
[2017-11-08 03:01:07] Error - Already exists document
[2017-11-08 03:01:07] Complate to parse - iori8511_221134687439
[2017-11-08 03:01:07] Error - Already exists document
[2017-11-08 03:01:08] Complate to parse - entombed_221134617220
[2017-11-08 03:01:08] Error - Already exists document
[2017-11-08 03:01:08] Complate to parse - flower4653_221134602620
[2017-11-08 03:01:08] Error - Already exists document
[2017-11-08 03:01:08] Click the page - 18page
[2017-11-08 03:01:10] Complate to parse - jiwon_416_221134970891
[2017-11-08 03:01:10] Error - Already exists document
[2017-11-08 03:01:10] Complate to parse - rockyu205_221124158432
[2017-11-08 03:01:10] Error - Already exists document
[2017-11-08 03:01:10] Complate to parse - vicent05_221134955503
[2017-11-08 03:01:10] Error - Already exists document
[2017-11-08 03:01:10] Complate to parse - chriskang3_221134889753
[2017-11-08 03:01:10] Error - Already exists document
[2017-11-08 03:01:11] Complate to parse - kigulove_221134797354
[2017-11-08 03:01:11] Complate to percolate - kigulove_221134797354
[2017-11-08 03:01:11] Complate to parse - kigulove_221134758252
[2017-11-08 03:01:11] Error - Already exists document
[2017-11-08 03:01:11] Complate to parse - 2004ms_221134692899
[2017-11-08 03:01:11] Error - Already exists document
[2017-11-08 03:01:12] Complate to parse - kyk4696_221134658587
[2017-11-08 03:01:12] Error - Already exists document
[2017-11-08 03:01:12] Complate to parse - hake1125_221134653889
[2017-11-08 03:01:12] Error - Already exists document
[2017-11-08 03:01:12] Complate to parse - eumseonggun_221134650362
[2017-11-08 03:01:12] Error - Already exists document
[2017-11-08 03:01:12] Click the page - 19page
[2017-11-08 03:01:14] Complate to parse - audwlsdl010_221134633294
[2017-11-08 03:01:14] Complate to percolate - audwlsdl010_221134633294
[2017-11-08 03:01:14] Complate to parse - ehdbs1386_221134610881
[2017-11-08 03:01:15] Complate to percolate - ehdbs1386_221134610881
[2017-11-08 03:01:15] Complate to parse - srtraveler_221134602020
[2017-11-08 03:01:15] Complate to percolate - srtraveler_221134602020
[2017-11-08 03:01:15] Complate to parse - soa20356_221134990305
[2017-11-08 03:01:15] Complate to percolate - soa20356_221134990305
[2017-11-08 03:01:16] Complate to parse - jihey119_221134986623
[2017-11-08 03:01:16] Complate to percolate - jihey119_221134986623
[2017-11-08 03:01:16] Complate to parse - anji1225_221134983902
[2017-11-08 03:01:16] Complate to percolate - anji1225_221134983902
[2017-11-08 03:01:16] Complate to parse - ssosso6406_221134950373
[2017-11-08 03:01:17] Complate to percolate - ssosso6406_221134950373
[2017-11-08 03:01:17] Complate to parse - sarang2363_221134890892
[2017-11-08 03:01:17] Complate to percolate - sarang2363_221134890892
[2017-11-08 03:01:17] Complate to parse - bong860527_221134888273
[2017-11-08 03:01:17] Complate to percolate - bong860527_221134888273
[2017-11-08 03:01:18] Complate to parse - dnks0206_221134785375
[2017-11-08 03:01:18] Complate to percolate - dnks0206_221134785375
[2017-11-08 03:01:18] Click the page - 20page
[2017-11-08 03:01:20] Complate to parse - cuteminge_221134767867
[2017-11-08 03:01:20] Complate to percolate - cuteminge_221134767867
[2017-11-08 03:01:21] Complate to parse - dbwjd1279_221134756884
[2017-11-08 03:01:21] Complate to percolate - dbwjd1279_221134756884
[2017-11-08 03:01:21] Complate to parse - mpk3214_221134744278
[2017-11-08 03:01:21] Complate to percolate - mpk3214_221134744278
[2017-11-08 03:01:21] Complate to parse - nanaribbon_221134603834
[2017-11-08 03:01:21] Complate to percolate - nanaribbon_221134603834
[2017-11-08 03:01:21] Complate to parse - damool38_221134719876
[2017-11-08 03:01:22] Complate to percolate - damool38_221134719876
[2017-11-08 03:01:22] Complate to parse - imp1215_221134593649
[2017-11-08 03:01:22] Complate to percolate - imp1215_221134593649
[2017-11-08 03:01:22] Complate to parse - bbothree3_221134645014
[2017-11-08 03:01:22] Complate to percolate - bbothree3_221134645014
[2017-11-08 03:01:22] Complate to parse - bmool2242_221134641623
[2017-11-08 03:01:23] Complate to percolate - bmool2242_221134641623
[2017-11-08 03:01:23] Complate to parse - imp1215_221134601642
[2017-11-08 03:01:23] Complate to percolate - imp1215_221134601642
[2017-11-08 03:01:23] Complate to parse - chaikh60_221132889960
[2017-11-08 03:01:23] Complate to percolate - chaikh60_221132889960
[2017-11-08 03:01:23] Click the next
[2017-11-08 03:01:23] Complate stored which 26 posts scrapped
[2017-11-08 03:01:23] Scrapping end, Process time: 82.5716741085s
