[2017-11-04 11:00:01] Scraping start
[2017-11-04 11:00:01] Connected Elasticsearch server
[2017-11-04 11:00:02] Opened PhantomJS webdriver
[2017-11-04 11:00:02] Complete to bring blogs seed page
[2017-11-04 11:00:03] Complete to move to travel category
[2017-11-04 11:00:03] Complete to move to domestic travel page
[2017-11-04 11:00:03] Start to parse each posts
[2017-11-04 11:00:03] Click the page - 1page
[2017-11-04 11:00:05] Complate to parse - anndam_221132135561
[2017-11-04 11:00:05] Error - Already exists document
[2017-11-04 11:00:06] Complate to parse - turpu_221132270938
[2017-11-04 11:00:06] Error - Already exists document
[2017-11-04 11:00:06] Complate to parse - 8302yang_221132263298
[2017-11-04 11:00:06] Error - Already exists document
[2017-11-04 11:00:06] Complate to parse - cookbad1_221132199435
[2017-11-04 11:00:06] Error - Already exists document
[2017-11-04 11:00:06] Complate to parse - shine092_221132109646
[2017-11-04 11:00:06] Error - Already exists document
[2017-11-04 11:00:06] Complate to parse - juco9075_221132110968
[2017-11-04 11:00:06] Error - Already exists document
[2017-11-04 11:00:07] Complate to parse - bolikeme_221131318828
[2017-11-04 11:00:07] Error - Already exists document
[2017-11-04 11:00:07] Complate to parse - kji206_221132088765
[2017-11-04 11:00:07] Error - Already exists document
[2017-11-04 11:00:07] Complate to parse - sseotaiji_221132255438
[2017-11-04 11:00:07] Error - Already exists document
[2017-11-04 11:00:07] Complate to parse - sky047000_221132254423
[2017-11-04 11:00:07] Error - Already exists document
[2017-11-04 11:00:07] Click the page - 2page
[2017-11-04 11:00:09] Complate to parse - alfyoun_221131768985
[2017-11-04 11:00:09] Error - Already exists document
[2017-11-04 11:00:09] Complate to parse - mjda20_221132246005
[2017-11-04 11:00:09] Error - Already exists document
[2017-11-04 11:00:10] Complate to parse - sandcastle44_221132203256
[2017-11-04 11:00:10] Error - Already exists document
[2017-11-04 11:00:10] Complate to parse - irisnu_221131936275
[2017-11-04 11:00:10] Error - Already exists document
[2017-11-04 11:00:10] Complate to parse - narulove09_221128200621
[2017-11-04 11:00:10] Error - Already exists document
[2017-11-04 11:00:10] Complate to parse - simple_choi_221132111965
[2017-11-04 11:00:10] Error - Already exists document
[2017-11-04 11:00:10] Complate to parse - hey_mystyle_221132203985
[2017-11-04 11:00:10] Error - Already exists document
[2017-11-04 11:00:11] Complate to parse - sun3034sksk_221132128036
[2017-11-04 11:00:11] Error - Already exists document
[2017-11-04 11:00:11] Complate to parse - 93jeongdahye_221132170610
[2017-11-04 11:00:11] Error - Already exists document
[2017-11-04 11:00:11] Complate to parse - jhgeel_221132278470
[2017-11-04 11:00:11] Error - Already exists document
[2017-11-04 11:00:11] Click the page - 3page
[2017-11-04 11:00:13] Complate to parse - tastydish_221132261113
[2017-11-04 11:00:13] Error - Already exists document
[2017-11-04 11:00:13] Complate to parse - you1620_221132054868
[2017-11-04 11:00:13] Error - Already exists document
[2017-11-04 11:00:13] Complate to parse - 1006hjy_221131407060
[2017-11-04 11:00:13] Error - Already exists document
[2017-11-04 11:00:14] Complate to parse - ichmount_221131593864
[2017-11-04 11:00:14] Error - Already exists document
[2017-11-04 11:00:14] Complate to parse - kby8478_221132042952
[2017-11-04 11:00:14] Error - Already exists document
[2017-11-04 11:00:14] Complate to parse - jang_rabbit_221132189790
[2017-11-04 11:00:14] Error - Already exists document
[2017-11-04 11:00:14] Complate to parse - althxodid_221132151113
[2017-11-04 11:00:14] Error - Already exists document
[2017-11-04 11:00:14] Complate to parse - kokage1120_221132136171
[2017-11-04 11:00:14] Error - Already exists document
[2017-11-04 11:00:15] Complate to parse - ock811004_221132132339
[2017-11-04 11:00:15] Error - Already exists document
[2017-11-04 11:00:15] Complate to parse - lyu1388_221131214058
[2017-11-04 11:00:15] Error - Already exists document
[2017-11-04 11:00:15] Click the page - 4page
[2017-11-04 11:00:17] Complate to parse - mss2mking_221132250946
[2017-11-04 11:00:17] Error - Already exists document
[2017-11-04 11:00:17] Complate to parse - hp0210_221132051892
[2017-11-04 11:00:17] Error - Already exists document
[2017-11-04 11:00:17] Complate to parse - kuj681_221131427381
[2017-11-04 11:00:17] Error - Already exists document
[2017-11-04 11:00:17] Complate to parse - bk85219_221129736180
[2017-11-04 11:00:17] Error - Already exists document
[2017-11-04 11:00:17] Complate to parse - say7915_221132196126
[2017-11-04 11:00:17] Error - Already exists document
[2017-11-04 11:00:18] Complate to parse - 2remona2_221132165500
[2017-11-04 11:00:18] Error - Already exists document
[2017-11-04 11:00:18] Complate to parse - vm0812_221132146272
[2017-11-04 11:00:18] Error - Already exists document
[2017-11-04 11:00:18] Complate to parse - joye009_221132117892
[2017-11-04 11:00:18] Error - Already exists document
[2017-11-04 11:00:18] Complate to parse - yko53_221132248498
[2017-11-04 11:00:19] Complate to percolate - yko53_221132248498
[2017-11-04 11:00:19] Complate to parse - hwangyul9178_221130594806
[2017-11-04 11:00:19] Error - Already exists document
[2017-11-04 11:00:19] Click the page - 5page
[2017-11-04 11:00:21] Complate to parse - hhocho65_221131410506
[2017-11-04 11:00:21] Error - Already exists document
[2017-11-04 11:00:21] Complate to parse - tjfcnzkcnzk_221131347013
[2017-11-04 11:00:21] Error - Already exists document
[2017-11-04 11:00:21] Complate to parse - hanarin0730_221132218936
[2017-11-04 11:00:21] Error - Already exists document
[2017-11-04 11:00:21] Complate to parse - soonmin307_221132205391
[2017-11-04 11:00:21] Error - Already exists document
[2017-11-04 11:00:22] Complate to parse - fbdudqls4441_221132147014
[2017-11-04 11:00:22] Error - Already exists document
[2017-11-04 11:00:22] Complate to parse - artexhibit_221132114432
[2017-11-04 11:00:22] Error - Already exists document
[2017-11-04 11:00:22] Complate to parse - so_happy_sb_221132280710
[2017-11-04 11:00:22] Error - Already exists document
[2017-11-04 11:00:22] Complate to parse - queen227_221132139600
[2017-11-04 11:00:22] Error - Already exists document
[2017-11-04 11:00:22] Complate to parse - happinesslek_221132199194
[2017-11-04 11:00:22] Error - Already exists document
[2017-11-04 11:00:23] Complate to parse - kyunmom0413_221132192321
[2017-11-04 11:00:23] Error - Already exists document
[2017-11-04 11:00:23] Click the page - 6page
[2017-11-04 11:00:24] Complate to parse - rkdfurgkrp_221131980996
[2017-11-04 11:00:24] Error - Already exists document
[2017-11-04 11:00:25] Complate to parse - koreamoringa_221132300803
[2017-11-04 11:00:25] Complate to percolate - koreamoringa_221132300803
[2017-11-04 11:00:25] Complate to parse - tcacyc_221132064607
[2017-11-04 11:00:26] Complate to percolate - tcacyc_221132064607
[2017-11-04 11:00:26] Complate to parse - qhadldhaus98_221132276228
[2017-11-04 11:00:26] Error - Already exists document
[2017-11-04 11:00:26] Complate to parse - suheeryu_221119236111
[2017-11-04 11:00:26] Error - Already exists document
[2017-11-04 11:00:26] Complate to parse - iloveknp_221131635082
[2017-11-04 11:00:26] Error - Already exists document
[2017-11-04 11:00:26] Complate to parse - ttpp2002_221131019130
[2017-11-04 11:00:26] Error - Already exists document
[2017-11-04 11:00:26] Complate to parse - tg0607_221131129437
[2017-11-04 11:00:26] Error - Already exists document
[2017-11-04 11:00:27] Complate to parse - jhn6676_221132208782
[2017-11-04 11:00:27] Error - Already exists document
[2017-11-04 11:00:27] Complate to parse - chfhrqoa53_221132153844
[2017-11-04 11:00:27] Error - Already exists document
[2017-11-04 11:00:27] Click the page - 7page
[2017-11-04 11:00:29] Complate to parse - lechy_221132150828
[2017-11-04 11:00:29] Error - Already exists document
[2017-11-04 11:00:29] Complate to parse - cognos57_221128950245
[2017-11-04 11:00:29] Error - Already exists document
[2017-11-04 11:00:29] Complate to parse - rockyu205_221120442237
[2017-11-04 11:00:29] Error - Already exists document
[2017-11-04 11:00:29] Complate to parse - bbibbiana89_221132142662
[2017-11-04 11:00:29] Error - Already exists document
[2017-11-04 11:00:30] Complate to parse - mongniyang_221132116258
[2017-11-04 11:00:30] Error - Already exists document
[2017-11-04 11:00:30] Complate to parse - autopeed0050_221131739795
[2017-11-04 11:00:30] Complate to percolate - autopeed0050_221131739795
[2017-11-04 11:00:30] Complate to parse - babtol2000_221132295216
[2017-11-04 11:00:30] Complate to percolate - babtol2000_221132295216
[2017-11-04 11:00:31] Complate to parse - skyung0512_221105323492
[2017-11-04 11:00:31] Error - Already exists document
[2017-11-04 11:00:31] Complate to parse - didirmsel515_221131813661
[2017-11-04 11:00:31] Error - Already exists document
[2017-11-04 11:00:31] Complate to parse - kopml_221132237602
[2017-11-04 11:00:31] Error - Already exists document
[2017-11-04 11:00:31] Click the page - 8page
[2017-11-04 11:00:33] Complate to parse - wndp2023_221132154130
[2017-11-04 11:00:33] Error - Already exists document
[2017-11-04 11:00:33] Complate to parse - artraving_221132150054
[2017-11-04 11:00:33] Error - Already exists document
[2017-11-04 11:00:33] Complate to parse - bnosun_221132085162
[2017-11-04 11:00:33] Error - Already exists document
[2017-11-04 11:00:34] Complate to parse - jinmomo_221132147239
[2017-11-04 11:00:34] Error - Already exists document
[2017-11-04 11:00:34] Complate to parse - ksojune_221132280748
[2017-11-04 11:00:34] Complate to percolate - ksojune_221132280748
[2017-11-04 11:00:34] Complate to parse - sjmcdib1_221132292890
[2017-11-04 11:00:35] Complate to percolate - sjmcdib1_221132292890
[2017-11-04 11:00:35] Complate to parse - vprettyv_221131850372
[2017-11-04 11:00:35] Error - Already exists document
[2017-11-04 11:00:35] Complate to parse - bada3347_221132260976
[2017-11-04 11:00:35] Error - Already exists document
[2017-11-04 11:00:35] Complate to parse - micky0928_221125715407
[2017-11-04 11:00:35] Error - Already exists document
[2017-11-04 11:00:35] Complate to parse - jeju8253_221132254708
[2017-11-04 11:00:35] Error - Already exists document
[2017-11-04 11:00:35] Click the page - 9page
[2017-11-04 11:00:37] Complate to parse - jvj24601_221132227928
[2017-11-04 11:00:37] Error - Already exists document
[2017-11-04 11:00:37] Complate to parse - nicearra_221132209365
[2017-11-04 11:00:37] Error - Already exists document
[2017-11-04 11:00:37] Complate to parse - estel0701_221132174036
[2017-11-04 11:00:37] Error - Already exists document
[2017-11-04 11:00:38] Complate to parse - ijun4u_221132170731
[2017-11-04 11:00:38] Error - Already exists document
[2017-11-04 11:00:38] Complate to parse - n9121_221132165118
[2017-11-04 11:00:38] Error - Already exists document
[2017-11-04 11:00:38] Complate to parse - joolp00_221132038354
[2017-11-04 11:00:38] Error - Already exists document
[2017-11-04 11:00:38] Complate to parse - sonia03077_221132109428
[2017-11-04 11:00:38] Error - Already exists document
[2017-11-04 11:00:38] Complate to parse - jcjkks_221127488959
[2017-11-04 11:00:39] Complate to percolate - jcjkks_221127488959
[2017-11-04 11:00:39] Complate to parse - howl0113_221132291146
[2017-11-04 11:00:39] Complate to percolate - howl0113_221132291146
[2017-11-04 11:00:39] Complate to parse - onsili_221132013519
[2017-11-04 11:00:39] Error - Already exists document
[2017-11-04 11:00:39] Click the page - 10page
[2017-11-04 11:00:41] Complate to parse - 2000happy__221132131384
[2017-11-04 11:00:41] Error - Already exists document
[2017-11-04 11:00:41] Complate to parse - brain7455_221132259411
[2017-11-04 11:00:41] Error - Already exists document
[2017-11-04 11:00:42] Complate to parse - uuugna_221132209848
[2017-11-04 11:00:42] Error - Already exists document
[2017-11-04 11:00:42] Complate to parse - lss3178_221132022747
[2017-11-04 11:00:42] Error - Already exists document
[2017-11-04 11:00:42] Complate to parse - supergunman_221131299432
[2017-11-04 11:00:42] Error - Already exists document
[2017-11-04 11:00:42] Complate to parse - pyj_5004_221132228978
[2017-11-04 11:00:42] Error - Already exists document
[2017-11-04 11:00:42] Complate to parse - characteria_221132172640
[2017-11-04 11:00:42] Error - Already exists document
[2017-11-04 11:00:42] Complate to parse - yerimpower_221131971584
[2017-11-04 11:00:42] Error - Already exists document
[2017-11-04 11:00:43] Complate to parse - whiteday8277_221132142778
[2017-11-04 11:00:43] Error - Already exists document
[2017-11-04 11:00:43] Complate to parse - jongsulim_221131663815
[2017-11-04 11:00:43] Error - Already exists document
[2017-11-04 11:00:43] Click the next
[2017-11-04 11:00:43] Click the page - 11page
[2017-11-04 11:00:45] Complate to parse - sexysharon_221132174707
[2017-11-04 11:00:45] Error - Already exists document
[2017-11-04 11:00:45] Complate to parse - r_ryun_221132182426
[2017-11-04 11:00:45] Error - Already exists document
[2017-11-04 11:00:45] Complate to parse - sugar9976_221132173621
[2017-11-04 11:00:45] Error - Already exists document
[2017-11-04 11:00:45] Complate to parse - pantyh_221132161906
[2017-11-04 11:00:45] Error - Already exists document
[2017-11-04 11:00:45] Complate to parse - ssolonsun_221132151148
[2017-11-04 11:00:45] Error - Already exists document
[2017-11-04 11:00:46] Complate to parse - koaiko86_221132147192
[2017-11-04 11:00:46] Error - Already exists document
[2017-11-04 11:00:46] Complate to parse - kids8380_221131856504
[2017-11-04 11:00:46] Error - Already exists document
[2017-11-04 11:00:46] Complate to parse - ey6202_221132133134
[2017-11-04 11:00:46] Error - Already exists document
[2017-11-04 11:00:46] Complate to parse - songsong24860_221132115393
[2017-11-04 11:00:46] Error - Already exists document
[2017-11-04 11:00:46] Complate to parse - jina0676_221132179881
[2017-11-04 11:00:47] Complate to percolate - jina0676_221132179881
[2017-11-04 11:00:47] Click the page - 12page
[2017-11-04 11:00:49] Complate to parse - kdhnim_221131084752
[2017-11-04 11:00:49] Error - Already exists document
[2017-11-04 11:00:49] Complate to parse - ttkiller85_221132197201
[2017-11-04 11:00:49] Error - Already exists document
[2017-11-04 11:00:49] Complate to parse - mjl2574_221132185678
[2017-11-04 11:00:49] Error - Already exists document
[2017-11-04 11:00:49] Complate to parse - milk001_221132158809
[2017-11-04 11:00:49] Error - Already exists document
[2017-11-04 11:00:49] Complate to parse - ehwa0430_221132133478
[2017-11-04 11:00:49] Error - Already exists document
[2017-11-04 11:00:50] Complate to parse - anjr615_221132112592
[2017-11-04 11:00:50] Error - Already exists document
[2017-11-04 11:00:50] Complate to parse - junhyuk_abba_221132300908
[2017-11-04 11:00:50] Complate to percolate - junhyuk_abba_221132300908
[2017-11-04 11:00:50] Complate to parse - daesunjujo_221131771698
[2017-11-04 11:00:51] Complate to percolate - daesunjujo_221131771698
[2017-11-04 11:00:51] Complate to parse - khjins5918_221132295758
[2017-11-04 11:00:51] Complate to percolate - khjins5918_221132295758
[2017-11-04 11:00:51] Complate to parse - ivory27_221132289554
[2017-11-04 11:00:51] Complate to percolate - ivory27_221132289554
[2017-11-04 11:00:51] Click the page - 13page
[2017-11-04 11:00:53] Complate to parse - 0114977635_221132289202
[2017-11-04 11:00:54] Complate to percolate - 0114977635_221132289202
[2017-11-04 11:00:54] Complate to parse - chae3385_221132012763
[2017-11-04 11:00:54] Error - Already exists document
[2017-11-04 11:00:54] Complate to parse - miryangsi_221131070978
[2017-11-04 11:00:54] Complate to percolate - miryangsi_221131070978
[2017-11-04 11:00:54] Complate to parse - nicearra_221132245974
[2017-11-04 11:00:55] Complate to percolate - nicearra_221132245974
[2017-11-04 11:00:55] Complate to parse - namhaestorys_221132270932
[2017-11-04 11:00:55] Error - Already exists document
[2017-11-04 11:00:55] Complate to parse - ygene60_221132269115
[2017-11-04 11:00:55] Error - Already exists document
[2017-11-04 11:00:55] Complate to parse - 333goo_221132097597
[2017-11-04 11:00:55] Error - Already exists document
[2017-11-04 11:00:55] Complate to parse - osn1201_221132267106
[2017-11-04 11:00:56] Complate to percolate - osn1201_221132267106
[2017-11-04 11:00:56] Complate to parse - praddaa_221114088818
[2017-11-04 11:00:56] Complate to percolate - praddaa_221114088818
[2017-11-04 11:00:56] Complate to parse - lol_awesome_221132000362
[2017-11-04 11:00:56] Error - Already exists document
[2017-11-04 11:00:56] Click the page - 14page
[2017-11-04 11:00:58] Complate to parse - whereugo_221132252920
[2017-11-04 11:00:58] Error - Already exists document
[2017-11-04 11:00:58] Complate to parse - sanaella_221132000896
[2017-11-04 11:00:59] Complate to percolate - sanaella_221132000896
[2017-11-04 11:00:59] Complate to parse - bardpitt00_221132222688
[2017-11-04 11:00:59] Error - Already exists document
[2017-11-04 11:00:59] Complate to parse - wanan11_221132214063
[2017-11-04 11:00:59] Error - Already exists document
[2017-11-04 11:00:59] Complate to parse - c0dus75_221132204796
[2017-11-04 11:00:59] Error - Already exists document
[2017-11-04 11:00:59] Complate to parse - aza_kk_221132145186
[2017-11-04 11:00:59] Error - Already exists document
[2017-11-04 11:00:59] Complate to parse - c0dus75_221132193031
[2017-11-04 11:00:59] Error - Already exists document
[2017-11-04 11:01:00] Complate to parse - alicia3_1_221132167014
[2017-11-04 11:01:00] Error - Already exists document
[2017-11-04 11:01:00] Complate to parse - namhaestorys_221132164368
[2017-11-04 11:01:00] Complate to percolate - namhaestorys_221132164368
[2017-11-04 11:01:00] Complate to parse - eco0928_221132160566
[2017-11-04 11:01:00] Error - Already exists document
[2017-11-04 11:01:00] Click the page - 15page
[2017-11-04 11:01:02] Complate to parse - erumyang_221132133059
[2017-11-04 11:01:02] Error - Already exists document
[2017-11-04 11:01:02] Complate to parse - ssms4068_221132130574
[2017-11-04 11:01:02] Error - Already exists document
[2017-11-04 11:01:02] Complate to parse - geochanggun_221132119726
[2017-11-04 11:01:02] Error - Already exists document
[2017-11-04 11:01:03] Complate to parse - xhakxh0727_221132118818
[2017-11-04 11:01:03] Error - Already exists document
[2017-11-04 11:01:03] Complate to parse - lightsout_221131455844
[2017-11-04 11:01:03] Complate to percolate - lightsout_221131455844
[2017-11-04 11:01:03] Complate to parse - manhoc2002_221132290399
[2017-11-04 11:01:03] Complate to percolate - manhoc2002_221132290399
[2017-11-04 11:01:04] Complate to parse - saddy237_221132048123
[2017-11-04 11:01:04] Error - Already exists document
[2017-11-04 11:01:04] Complate to parse - shinbi63_221132278743
[2017-11-04 11:01:04] Complate to percolate - shinbi63_221132278743
[2017-11-04 11:01:04] Complate to parse - iwish2000_221132193804
[2017-11-04 11:01:04] Error - Already exists document
[2017-11-04 11:01:04] Complate to parse - flowervonvon_221132276822
[2017-11-04 11:01:04] Error - Already exists document
[2017-11-04 11:01:04] Click the page - 16page
[2017-11-04 11:01:06] Complate to parse - gkak1011_221132263481
[2017-11-04 11:01:06] Error - Already exists document
[2017-11-04 11:01:06] Complate to parse - himawari_tw_221131675791
[2017-11-04 11:01:06] Error - Already exists document
[2017-11-04 11:01:06] Complate to parse - mjeilee_221130112477
[2017-11-04 11:01:06] Error - Already exists document
[2017-11-04 11:01:07] Complate to parse - buin0326_221131665337
[2017-11-04 11:01:07] Error - Already exists document
[2017-11-04 11:01:07] Complate to parse - sp017_221132150834
[2017-11-04 11:01:07] Error - Already exists document
[2017-11-04 11:01:07] Complate to parse - yunghun414_221132140521
[2017-11-04 11:01:07] Error - Already exists document
[2017-11-04 11:01:07] Complate to parse - kongshu_221132130948
[2017-11-04 11:01:07] Error - Already exists document
[2017-11-04 11:01:07] Complate to parse - byun07_221132130441
[2017-11-04 11:01:07] Error - Already exists document
[2017-11-04 11:01:08] Complate to parse - wshouses_221131594874
[2017-11-04 11:01:08] Error - Already exists document
[2017-11-04 11:01:08] Complate to parse - khwa0218_221132055736
[2017-11-04 11:01:08] Error - Already exists document
[2017-11-04 11:01:08] Click the page - 17page
[2017-11-04 11:01:10] Complate to parse - knowledgetip_221125955655
[2017-11-04 11:01:10] Error - Already exists document
[2017-11-04 11:01:10] Complate to parse - theoshyun_221132120527
[2017-11-04 11:01:10] Error - Already exists document
[2017-11-04 11:01:10] Complate to parse - kingcapper_221129417868
[2017-11-04 11:01:10] Complate to percolate - kingcapper_221129417868
[2017-11-04 11:01:10] Complate to parse - sonvely89_221127908498
[2017-11-04 11:01:11] Complate to percolate - sonvely89_221127908498
[2017-11-04 11:01:11] Complate to parse - bokda88_221132290045
[2017-11-04 11:01:11] Complate to percolate - bokda88_221132290045
[2017-11-04 11:01:11] Complate to parse - cinca01_221132285424
[2017-11-04 11:01:11] Complate to percolate - cinca01_221132285424
[2017-11-04 11:01:12] Complate to parse - kil_bong_221132285212
[2017-11-04 11:01:12] Complate to percolate - kil_bong_221132285212
[2017-11-04 11:01:12] Complate to parse - umchichi_221132095588
[2017-11-04 11:01:12] Complate to percolate - umchichi_221132095588
[2017-11-04 11:01:12] Complate to parse - yunmisense_221130010414
[2017-11-04 11:01:12] Complate to percolate - yunmisense_221130010414
[2017-11-04 11:01:13] Complate to parse - je4850_221132271769
[2017-11-04 11:01:13] Error - Already exists document
[2017-11-04 11:01:13] Click the page - 18page
[2017-11-04 11:01:15] Complate to parse - sweetpurin_221132265221
[2017-11-04 11:01:15] Complate to percolate - sweetpurin_221132265221
[2017-11-04 11:01:15] Complate to parse - ljsoon36_221127425471
[2017-11-04 11:01:15] Error - Already exists document
[2017-11-04 11:01:15] Complate to parse - tjdan6161_221132055670
[2017-11-04 11:01:15] Error - Already exists document
[2017-11-04 11:01:15] Complate to parse - mmundi_221132217131
[2017-11-04 11:01:15] Complate to percolate - mmundi_221132217131
[2017-11-04 11:01:15] Complate to parse - cupid1007_221132136408
[2017-11-04 11:01:16] Complate to percolate - cupid1007_221132136408
[2017-11-04 11:01:16] Complate to parse - jiniminis_221132170953
[2017-11-04 11:01:16] Error - Already exists document
[2017-11-04 11:01:16] Complate to parse - candyra9_221132170295
[2017-11-04 11:01:16] Error - Already exists document
[2017-11-04 11:01:16] Complate to parse - mysara12_221132167732
[2017-11-04 11:01:16] Error - Already exists document
[2017-11-04 11:01:16] Complate to parse - skismg_221132155056
[2017-11-04 11:01:16] Error - Already exists document
[2017-11-04 11:01:17] Complate to parse - althxodid_221132129526
[2017-11-04 11:01:17] Error - Already exists document
