[2017-11-07 23:00:01] Scraping start
[2017-11-07 23:00:01] Connected Elasticsearch server
[2017-11-07 23:00:02] Opened PhantomJS webdriver
[2017-11-07 23:00:07] Complete to bring blogs seed page
[2017-11-07 23:00:08] Complete to move to travel category
[2017-11-07 23:00:09] Complete to move to domestic travel page
[2017-11-07 23:00:09] Start to parse each posts
[2017-11-07 23:00:09] Click the page - 1page
[2017-11-07 23:00:10] Complate to parse - nfire0712_221134642333
[2017-11-07 23:00:11] Complate to percolate - nfire0712_221134642333
[2017-11-07 23:00:11] Complate to parse - kjsun119_221134189790
[2017-11-07 23:00:11] Complate to percolate - kjsun119_221134189790
[2017-11-07 23:00:11] Complate to parse - nono1114_221134636098
[2017-11-07 23:00:11] Complate to percolate - nono1114_221134636098
[2017-11-07 23:00:11] Complate to parse - nono1114_221134632990
[2017-11-07 23:00:11] Complate to percolate - nono1114_221134632990
[2017-11-07 23:00:12] Complate to parse - doya90_221134612198
[2017-11-07 23:00:12] Complate to percolate - doya90_221134612198
[2017-11-07 23:00:12] Complate to parse - jea3420_221134578176
[2017-11-07 23:00:12] Complate to percolate - jea3420_221134578176
[2017-11-07 23:00:13] Complate to parse - kjhdado_221134547636
[2017-11-07 23:00:13] Complate to percolate - kjhdado_221134547636
[2017-11-07 23:00:13] Complate to parse - coolauction_221134542945
[2017-11-07 23:00:13] Complate to percolate - coolauction_221134542945
[2017-11-07 23:00:13] Complate to parse - han8020han_221134534585
[2017-11-07 23:00:13] Complate to percolate - han8020han_221134534585
[2017-11-07 23:00:13] Complate to parse - art_pcw_221134529009
[2017-11-07 23:00:14] Complate to percolate - art_pcw_221134529009
[2017-11-07 23:00:14] Click the page - 2page
[2017-11-07 23:00:16] Complate to parse - romance_221134525398
[2017-11-07 23:00:16] Complate to percolate - romance_221134525398
[2017-11-07 23:00:16] Complate to parse - blindsonar_221134525240
[2017-11-07 23:00:16] Complate to percolate - blindsonar_221134525240
[2017-11-07 23:00:17] Complate to parse - tussman_221134503809
[2017-11-07 23:00:17] Complate to percolate - tussman_221134503809
[2017-11-07 23:00:17] Complate to parse - iha9215_221134497330
[2017-11-07 23:00:17] Complate to percolate - iha9215_221134497330
[2017-11-07 23:00:17] Complate to parse - shl3741_221134484711
[2017-11-07 23:00:18] Complate to percolate - shl3741_221134484711
[2017-11-07 23:00:18] Complate to parse - elqkdmffj_221134484164
[2017-11-07 23:00:18] Complate to percolate - elqkdmffj_221134484164
[2017-11-07 23:00:18] Complate to parse - kmw0962_221134481864
[2017-11-07 23:00:18] Complate to percolate - kmw0962_221134481864
[2017-11-07 23:00:19] Complate to parse - may1032_221134475821
[2017-11-07 23:00:19] Complate to percolate - may1032_221134475821
[2017-11-07 23:00:19] Complate to parse - tpsxj1900_221134471330
[2017-11-07 23:00:19] Complate to percolate - tpsxj1900_221134471330
[2017-11-07 23:00:19] Complate to parse - kkh7999655_221134459525
[2017-11-07 23:00:20] Complate to percolate - kkh7999655_221134459525
[2017-11-07 23:00:20] Click the page - 3page
[2017-11-07 23:00:21] Complate to parse - jykim575_221134455651
[2017-11-07 23:00:22] Complate to percolate - jykim575_221134455651
[2017-11-07 23:00:22] Complate to parse - phr1211_221134400570
[2017-11-07 23:00:22] Complate to percolate - phr1211_221134400570
[2017-11-07 23:00:22] Complate to parse - jejujcnc_221134444726
[2017-11-07 23:00:22] Complate to percolate - jejujcnc_221134444726
[2017-11-07 23:00:23] Complate to parse - jykim575_221134443194
[2017-11-07 23:00:23] Complate to percolate - jykim575_221134443194
[2017-11-07 23:00:23] Complate to parse - andante-8_221134442543
[2017-11-07 23:00:23] Complate to percolate - andante-8_221134442543
[2017-11-07 23:00:23] Complate to parse - fhcp_221134438718
[2017-11-07 23:00:23] Complate to percolate - fhcp_221134438718
[2017-11-07 23:00:24] Complate to parse - danbee928_221134418181
[2017-11-07 23:00:24] Complate to percolate - danbee928_221134418181
[2017-11-07 23:00:24] Complate to parse - wwwlove2677_221134401553
[2017-11-07 23:00:24] Complate to percolate - wwwlove2677_221134401553
[2017-11-07 23:00:24] Complate to parse - ksj724516_221134400682
[2017-11-07 23:00:24] Complate to percolate - ksj724516_221134400682
[2017-11-07 23:00:25] Complate to parse - yhson11_221134383125
[2017-11-07 23:00:25] Complate to percolate - yhson11_221134383125
[2017-11-07 23:00:25] Click the page - 4page
[2017-11-07 23:00:26] Complate to parse - wjdgudtjq1_221134374906
[2017-11-07 23:00:27] Complate to percolate - wjdgudtjq1_221134374906
[2017-11-07 23:00:27] Complate to parse - gustkddndn_221134080565
[2017-11-07 23:00:27] Complate to percolate - gustkddndn_221134080565
[2017-11-07 23:00:27] Complate to parse - choiji0817_221134873794
[2017-11-07 23:00:28] Complate to percolate - choiji0817_221134873794
[2017-11-07 23:00:28] Complate to parse - llovering_221134862425
[2017-11-07 23:00:28] Complate to percolate - llovering_221134862425
[2017-11-07 23:00:28] Complate to parse - brownno1_221134829086
[2017-11-07 23:00:29] Complate to percolate - brownno1_221134829086
[2017-11-07 23:00:29] Complate to parse - rokrok835_221134824111
[2017-11-07 23:00:29] Complate to percolate - rokrok835_221134824111
[2017-11-07 23:00:29] Complate to parse - wj-story_221134769497
[2017-11-07 23:00:29] Complate to percolate - wj-story_221134769497
[2017-11-07 23:00:29] Complate to parse - 5490ljy_221134467923
[2017-11-07 23:00:30] Complate to percolate - 5490ljy_221134467923
[2017-11-07 23:00:30] Complate to parse - beautyd74_221134738051
[2017-11-07 23:00:30] Complate to percolate - beautyd74_221134738051
[2017-11-07 23:00:30] Complate to parse - realangel4_221134714902
[2017-11-07 23:00:30] Complate to percolate - realangel4_221134714902
[2017-11-07 23:00:30] Click the page - 5page
[2017-11-07 23:00:32] Complate to parse - sygj1531_221134681161
[2017-11-07 23:00:32] Complate to percolate - sygj1531_221134681161
[2017-11-07 23:00:33] Complate to parse - db7912_221134677490
[2017-11-07 23:00:33] Complate to percolate - db7912_221134677490
[2017-11-07 23:00:33] Complate to parse - m122341_221134655336
[2017-11-07 23:00:33] Complate to percolate - m122341_221134655336
[2017-11-07 23:00:33] Complate to parse - sditto_221134645852
[2017-11-07 23:00:34] Complate to percolate - sditto_221134645852
[2017-11-07 23:00:34] Complate to parse - wow_press_221134639966
[2017-11-07 23:00:34] Complate to percolate - wow_press_221134639966
[2017-11-07 23:00:34] Complate to parse - tjgus2476_221134619043
[2017-11-07 23:00:34] Complate to percolate - tjgus2476_221134619043
[2017-11-07 23:00:35] Complate to parse - akrudghks143_221134611686
[2017-11-07 23:00:35] Complate to percolate - akrudghks143_221134611686
[2017-11-07 23:00:35] Complate to parse - korea_diary_221134463645
[2017-11-07 23:00:35] Complate to percolate - korea_diary_221134463645
[2017-11-07 23:00:35] Complate to parse - knowledgetip_221130328729
[2017-11-07 23:00:36] Complate to percolate - knowledgetip_221130328729
[2017-11-07 23:00:36] Complate to parse - akrudghks143_221134582753
[2017-11-07 23:00:36] Complate to percolate - akrudghks143_221134582753
[2017-11-07 23:00:36] Click the page - 6page
[2017-11-07 23:00:38] Complate to parse - heon0909_221134568787
[2017-11-07 23:00:38] Complate to percolate - heon0909_221134568787
[2017-11-07 23:00:38] Complate to parse - wpxka_221134563910
[2017-11-07 23:00:38] Complate to percolate - wpxka_221134563910
[2017-11-07 23:00:38] Complate to parse - j_story93_221134094546
[2017-11-07 23:00:39] Complate to percolate - j_story93_221134094546
[2017-11-07 23:00:39] Complate to parse - tnvlfwjd_221134414643
[2017-11-07 23:00:39] Complate to percolate - tnvlfwjd_221134414643
[2017-11-07 23:00:39] Complate to parse - byporsche_221134159375
[2017-11-07 23:00:39] Complate to percolate - byporsche_221134159375
[2017-11-07 23:00:39] Click the page - 7page
[2017-11-07 23:00:41] Click the page - 8page
[2017-11-07 23:00:43] Click the page - 9page
[2017-11-07 23:00:44] Click the page - 10page
[2017-11-07 23:00:46] Click the next
[2017-11-07 23:00:46] Click the page - 11page
[2017-11-07 23:00:48] Click the page - 12page
[2017-11-07 23:00:49] Click the page - 13page
[2017-11-07 23:00:51] Click the page - 14page
[2017-11-07 23:00:53] Click the page - 15page
[2017-11-07 23:00:54] Click the page - 16page
[2017-11-07 23:00:56] Click the page - 17page
[2017-11-07 23:00:58] Click the page - 18page
[2017-11-07 23:00:59] Click the page - 19page
[2017-11-07 23:01:01] Click the page - 20page
[2017-11-07 23:01:03] Click the next
[2017-11-07 23:01:03] Complate stored which 55 posts scrapped
[2017-11-07 23:01:03] Scrapping end, Process time: 61.6857199669s
