[2017-11-06 16:00:02] Scraping start
[2017-11-06 16:00:02] Connected Elasticsearch server
[2017-11-06 16:00:03] Opened PhantomJS webdriver
[2017-11-06 16:00:04] Complete to bring blogs seed page
[2017-11-06 16:00:04] Complete to move to travel category
[2017-11-06 16:00:05] Complete to move to domestic travel page
[2017-11-06 16:00:05] Start to parse each posts
[2017-11-06 16:00:05] Click the page - 1page
[2017-11-06 16:00:07] Complate to parse - daichung_221133587803
[2017-11-06 16:00:07] Error - Already exists document
[2017-11-06 16:00:07] Complate to parse - exhappyway_221133692144
[2017-11-06 16:00:08] Complate to percolate - exhappyway_221133692144
[2017-11-06 16:00:08] Complate to parse - jtowelcome_221133445965
[2017-11-06 16:00:08] Error - Already exists document
[2017-11-06 16:00:08] Complate to parse - bbibbiana89_221133435533
[2017-11-06 16:00:08] Error - Already exists document
[2017-11-06 16:00:08] Complate to parse - kkongi3028_221133423973
[2017-11-06 16:00:08] Error - Already exists document
[2017-11-06 16:00:09] Complate to parse - ksb115205_221133459652
[2017-11-06 16:00:09] Error - Already exists document
[2017-11-06 16:00:09] Complate to parse - sayjune2005_221133424440
[2017-11-06 16:00:09] Error - Already exists document
[2017-11-06 16:00:09] Complate to parse - hyang2yaaa_221133465336
[2017-11-06 16:00:09] Error - Already exists document
[2017-11-06 16:00:09] Complate to parse - gukjung_221133609471
[2017-11-06 16:00:09] Error - Already exists document
[2017-11-06 16:00:10] Complate to parse - anndam_221132554307
[2017-11-06 16:00:10] Error - Already exists document
[2017-11-06 16:00:10] Click the page - 2page
[2017-11-06 16:00:12] Complate to parse - lsy5088_221133216240
[2017-11-06 16:00:12] Error - Already exists document
[2017-11-06 16:00:13] Complate to parse - limky5882_221133633622
[2017-11-06 16:00:13] Error - Already exists document
[2017-11-06 16:00:13] Complate to parse - findjeju_221133562586
[2017-11-06 16:00:13] Error - Already exists document
[2017-11-06 16:00:13] Complate to parse - daesunjujo_221133497099
[2017-11-06 16:00:13] Error - Already exists document
[2017-11-06 16:00:13] Complate to parse - usgreen99_221133481474
[2017-11-06 16:00:13] Error - Already exists document
[2017-11-06 16:00:14] Complate to parse - mina860527_221133206705
[2017-11-06 16:00:14] Error - Already exists document
[2017-11-06 16:00:14] Complate to parse - 8302yang_221133412962
[2017-11-06 16:00:14] Error - Already exists document
[2017-11-06 16:00:14] Complate to parse - tpsxj8585_221133409116
[2017-11-06 16:00:14] Error - Already exists document
[2017-11-06 16:00:14] Complate to parse - sseotaiji_221133633911
[2017-11-06 16:00:14] Error - Already exists document
[2017-11-06 16:00:15] Complate to parse - shfrjf59_221133609029
[2017-11-06 16:00:15] Error - Already exists document
[2017-11-06 16:00:15] Click the page - 3page
[2017-11-06 16:00:17] Complate to parse - jejubnf_221133488111
[2017-11-06 16:00:17] Error - Already exists document
[2017-11-06 16:00:17] Complate to parse - afeleia_221133463885
[2017-11-06 16:00:17] Error - Already exists document
[2017-11-06 16:00:17] Complate to parse - cucuya21_221133445754
[2017-11-06 16:00:17] Error - Already exists document
[2017-11-06 16:00:17] Complate to parse - hanjun66_221133218004
[2017-11-06 16:00:17] Error - Already exists document
[2017-11-06 16:00:17] Complate to parse - nailstan_221133186900
[2017-11-06 16:00:17] Error - Already exists document
[2017-11-06 16:00:18] Complate to parse - shillajeju__221131919410
[2017-11-06 16:00:18] Error - Already exists document
[2017-11-06 16:00:18] Complate to parse - tudvhfpqj_221133435843
[2017-11-06 16:00:18] Error - Already exists document
[2017-11-06 16:00:18] Complate to parse - kaite1130_221133275726
[2017-11-06 16:00:18] Error - Already exists document
[2017-11-06 16:00:18] Complate to parse - suk4408_221133030577
[2017-11-06 16:00:18] Error - Already exists document
[2017-11-06 16:00:18] Complate to parse - jbm993_221133023359
[2017-11-06 16:00:18] Error - Already exists document
[2017-11-06 16:00:18] Click the page - 4page
[2017-11-06 16:00:20] Complate to parse - suheeryu_221132526364
[2017-11-06 16:00:20] Error - Already exists document
[2017-11-06 16:00:20] Complate to parse - idioe48_221131712146
[2017-11-06 16:00:20] Error - Already exists document
[2017-11-06 16:00:21] Complate to parse - ehy2106_221131989594
[2017-11-06 16:00:21] Error - Already exists document
[2017-11-06 16:00:21] Complate to parse - goldenkd_221133069323
[2017-11-06 16:00:21] Error - Already exists document
[2017-11-06 16:00:21] Complate to parse - nahe0904_221133644365
[2017-11-06 16:00:21] Error - Already exists document
[2017-11-06 16:00:21] Complate to parse - nopqda_221133564393
[2017-11-06 16:00:21] Error - Already exists document
[2017-11-06 16:00:22] Complate to parse - suni2park_221133384483
[2017-11-06 16:00:22] Error - Already exists document
[2017-11-06 16:00:22] Complate to parse - okaban_221133374969
[2017-11-06 16:00:22] Error - Already exists document
[2017-11-06 16:00:22] Complate to parse - troy1219_221133607579
[2017-11-06 16:00:22] Error - Already exists document
[2017-11-06 16:00:22] Complate to parse - sksmstls1106_221132643259
[2017-11-06 16:00:22] Error - Already exists document
[2017-11-06 16:00:22] Click the page - 5page
[2017-11-06 16:00:24] Complate to parse - kimnyanghk_221133444660
[2017-11-06 16:00:24] Error - Already exists document
[2017-11-06 16:00:24] Complate to parse - soon09143_221133008074
[2017-11-06 16:00:24] Error - Already exists document
[2017-11-06 16:00:25] Complate to parse - kfcc_no1_221131909480
[2017-11-06 16:00:25] Error - Already exists document
[2017-11-06 16:00:25] Complate to parse - labbor_221133567784
[2017-11-06 16:00:25] Error - Already exists document
[2017-11-06 16:00:25] Complate to parse - kyunmom0413_221133331425
[2017-11-06 16:00:25] Error - Already exists document
[2017-11-06 16:00:25] Complate to parse - junhyuk_abba_221133637608
[2017-11-06 16:00:25] Error - Already exists document
[2017-11-06 16:00:25] Complate to parse - hahaha1504_221133626830
[2017-11-06 16:00:25] Error - Already exists document
[2017-11-06 16:00:26] Complate to parse - hesperus_10_221133611113
[2017-11-06 16:00:26] Error - Already exists document
[2017-11-06 16:00:26] Complate to parse - south0429_221133165475
[2017-11-06 16:00:26] Error - Already exists document
[2017-11-06 16:00:26] Complate to parse - goldkmsa_221133574513
[2017-11-06 16:00:26] Error - Already exists document
[2017-11-06 16:00:26] Click the page - 6page
[2017-11-06 16:00:28] Complate to parse - seinlove0523_221133497750
[2017-11-06 16:00:28] Error - Already exists document
[2017-11-06 16:00:28] Complate to parse - namesora_221133492398
[2017-11-06 16:00:28] Error - Already exists document
[2017-11-06 16:00:28] Complate to parse - hjin066_221133489856
[2017-11-06 16:00:28] Error - Already exists document
[2017-11-06 16:00:28] Complate to parse - joo1609_221133473978
[2017-11-06 16:00:28] Error - Already exists document
[2017-11-06 16:00:29] Complate to parse - ljw9773_221127847505
[2017-11-06 16:00:29] Error - Already exists document
[2017-11-06 16:00:29] Complate to parse - lyulyu221_221133451804
[2017-11-06 16:00:29] Error - Already exists document
[2017-11-06 16:00:29] Complate to parse - a0ap1p_221133449137
[2017-11-06 16:00:29] Error - Already exists document
[2017-11-06 16:00:29] Complate to parse - bong860527_221133440312
[2017-11-06 16:00:29] Error - Already exists document
[2017-11-06 16:00:29] Complate to parse - wella5442_221133328914
[2017-11-06 16:00:29] Error - Already exists document
[2017-11-06 16:00:29] Complate to parse - sajapyung_221133431156
[2017-11-06 16:00:29] Error - Already exists document
[2017-11-06 16:00:29] Click the page - 7page
[2017-11-06 16:00:31] Complate to parse - gikimi23_221133428153
[2017-11-06 16:00:31] Error - Already exists document
[2017-11-06 16:00:31] Complate to parse - croxriver_221130169712
[2017-11-06 16:00:31] Error - Already exists document
[2017-11-06 16:00:32] Complate to parse - hp0210_221133404745
[2017-11-06 16:00:32] Error - Already exists document
[2017-11-06 16:00:32] Complate to parse - youngrb_221133253851
[2017-11-06 16:00:32] Error - Already exists document
[2017-11-06 16:00:32] Complate to parse - goodjcs_221132883640
[2017-11-06 16:00:32] Error - Already exists document
[2017-11-06 16:00:32] Complate to parse - ambidext_221133398711
[2017-11-06 16:00:32] Error - Already exists document
[2017-11-06 16:00:33] Complate to parse - starofmemory_221133396380
[2017-11-06 16:00:33] Error - Already exists document
[2017-11-06 16:00:33] Complate to parse - r9600495_221133393503
[2017-11-06 16:00:33] Error - Already exists document
[2017-11-06 16:00:33] Complate to parse - s2travel_221133601710
[2017-11-06 16:00:33] Error - Already exists document
[2017-11-06 16:00:33] Complate to parse - kimsmell801_221133568535
[2017-11-06 16:00:33] Error - Already exists document
[2017-11-06 16:00:33] Click the page - 8page
[2017-11-06 16:00:35] Complate to parse - sticket_221133557358
[2017-11-06 16:00:35] Error - Already exists document
[2017-11-06 16:00:35] Complate to parse - dailytalk_hy_221133492712
[2017-11-06 16:00:35] Error - Already exists document
[2017-11-06 16:00:36] Complate to parse - lyu1388_221132942595
[2017-11-06 16:00:36] Error - Already exists document
[2017-11-06 16:00:36] Complate to parse - iyc21net_221127890083
[2017-11-06 16:00:36] Error - Already exists document
[2017-11-06 16:00:36] Complate to parse - ddawndew_221133368028
[2017-11-06 16:00:36] Error - Already exists document
[2017-11-06 16:00:36] Complate to parse - jhkimism_221121078721
[2017-11-06 16:00:36] Error - Already exists document
[2017-11-06 16:00:36] Complate to parse - wls62345_221133701919
[2017-11-06 16:00:36] Complate to percolate - wls62345_221133701919
[2017-11-06 16:00:37] Complate to parse - jaejung0299_221133495834
[2017-11-06 16:00:37] Error - Already exists document
[2017-11-06 16:00:37] Complate to parse - dinogoseong_221130302165
[2017-11-06 16:00:37] Error - Already exists document
[2017-11-06 16:00:37] Complate to parse - bk85219_221123598113
[2017-11-06 16:00:37] Error - Already exists document
[2017-11-06 16:00:37] Click the page - 9page
[2017-11-06 16:00:39] Complate to parse - bada3347_221133416667
[2017-11-06 16:00:39] Error - Already exists document
[2017-11-06 16:00:39] Complate to parse - hari33_221133376359
[2017-11-06 16:00:39] Error - Already exists document
[2017-11-06 16:00:39] Complate to parse - gridaf_221133656931
[2017-11-06 16:00:39] Error - Already exists document
[2017-11-06 16:00:40] Complate to parse - dakto_221133654932
[2017-11-06 16:00:40] Error - Already exists document
[2017-11-06 16:00:40] Complate to parse - fhcp_221133599554
[2017-11-06 16:00:40] Error - Already exists document
[2017-11-06 16:00:40] Complate to parse - skawjddl23_221133575431
[2017-11-06 16:00:40] Error - Already exists document
[2017-11-06 16:00:40] Complate to parse - gkak1011_221133466595
[2017-11-06 16:00:40] Error - Already exists document
[2017-11-06 16:00:40] Complate to parse - jiansarang_221133462366
[2017-11-06 16:00:40] Error - Already exists document
[2017-11-06 16:00:41] Complate to parse - fairwalking_221133266697
[2017-11-06 16:00:41] Error - Already exists document
[2017-11-06 16:00:41] Complate to parse - antaihee_221133420011
[2017-11-06 16:00:41] Error - Already exists document
[2017-11-06 16:00:41] Click the page - 10page
[2017-11-06 16:00:43] Complate to parse - jvj24601_221133401687
[2017-11-06 16:00:43] Error - Already exists document
[2017-11-06 16:00:43] Complate to parse - csy817_221133098825
[2017-11-06 16:00:43] Error - Already exists document
[2017-11-06 16:00:43] Complate to parse - jinju5471_221133668464
[2017-11-06 16:00:43] Error - Already exists document
[2017-11-06 16:00:44] Complate to parse - hansoc0805_221133627399
[2017-11-06 16:00:44] Error - Already exists document
[2017-11-06 16:00:44] Complate to parse - mincool7_221133615285
[2017-11-06 16:00:44] Error - Already exists document
[2017-11-06 16:00:44] Complate to parse - khllife_221133576004
[2017-11-06 16:00:44] Error - Already exists document
[2017-11-06 16:00:44] Complate to parse - leejy2u_221133574586
[2017-11-06 16:00:44] Error - Already exists document
[2017-11-06 16:00:44] Complate to parse - kobyungja_221133322387
[2017-11-06 16:00:44] Error - Already exists document
[2017-11-06 16:00:45] Complate to parse - miny8828_221132622103
[2017-11-06 16:00:45] Error - Already exists document
[2017-11-06 16:00:45] Complate to parse - mutability77_221133217754
[2017-11-06 16:00:45] Error - Already exists document
[2017-11-06 16:00:45] Click the next
[2017-11-06 16:00:45] Click the page - 11page
[2017-11-06 16:00:47] Complate to parse - kseongyeon_221133719962
[2017-11-06 16:00:47] Complate to percolate - kseongyeon_221133719962
[2017-11-06 16:00:47] Complate to parse - euro1984_221133684282
[2017-11-06 16:00:47] Complate to percolate - euro1984_221133684282
[2017-11-06 16:00:48] Complate to parse - ppoby1004_221133672447
[2017-11-06 16:00:48] Complate to percolate - ppoby1004_221133672447
[2017-11-06 16:00:48] Complate to parse - verychu7_221133666615
[2017-11-06 16:00:48] Complate to percolate - verychu7_221133666615
[2017-11-06 16:00:48] Complate to parse - kimmeej4989_221133650820
[2017-11-06 16:00:48] Error - Already exists document
[2017-11-06 16:00:48] Complate to parse - jesty3978_221133650598
[2017-11-06 16:00:48] Error - Already exists document
[2017-11-06 16:00:49] Complate to parse - 1429son_221133646779
[2017-11-06 16:00:49] Error - Already exists document
[2017-11-06 16:00:49] Complate to parse - idioe48_221133495349
[2017-11-06 16:00:49] Error - Already exists document
[2017-11-06 16:00:49] Complate to parse - kseongyeon_221133630720
[2017-11-06 16:00:49] Error - Already exists document
[2017-11-06 16:00:49] Complate to parse - tazan00009_221133270116
[2017-11-06 16:00:49] Error - Already exists document
[2017-11-06 16:00:49] Click the page - 12page
[2017-11-06 16:00:51] Complate to parse - csw960911_221130602410
[2017-11-06 16:00:51] Error - Already exists document
[2017-11-06 16:00:51] Complate to parse - kunmerri_221133557095
[2017-11-06 16:00:51] Error - Already exists document
[2017-11-06 16:00:51] Complate to parse - ming_7663_221133480923
[2017-11-06 16:00:51] Error - Already exists document
[2017-11-06 16:00:52] Complate to parse - photo_nc2u_221133205319
[2017-11-06 16:00:52] Error - Already exists document
[2017-11-06 16:00:52] Complate to parse - st_leo_221133465008
[2017-11-06 16:00:52] Error - Already exists document
[2017-11-06 16:00:52] Complate to parse - unninephoto_221133471464
[2017-11-06 16:00:52] Error - Already exists document
[2017-11-06 16:00:52] Complate to parse - babtol2000_221133455291
[2017-11-06 16:00:52] Error - Already exists document
[2017-11-06 16:00:52] Complate to parse - nay87_221133454817
[2017-11-06 16:00:52] Error - Already exists document
[2017-11-06 16:00:53] Complate to parse - gukjung_221133445371
[2017-11-06 16:00:53] Error - Already exists document
[2017-11-06 16:00:53] Complate to parse - sweetcinnamonroll_221133442326
[2017-11-06 16:00:53] Error - Already exists document
[2017-11-06 16:00:53] Click the page - 13page
[2017-11-06 16:00:55] Complate to parse - jma2564_221133429372
[2017-11-06 16:00:55] Error - Already exists document
[2017-11-06 16:00:55] Complate to parse - sko100400_221133428211
[2017-11-06 16:00:55] Error - Already exists document
[2017-11-06 16:00:55] Complate to parse - rys21c_221132706906
[2017-11-06 16:00:55] Error - Already exists document
[2017-11-06 16:00:55] Complate to parse - okmy0721_221133417391
[2017-11-06 16:00:55] Error - Already exists document
[2017-11-06 16:00:56] Complate to parse - whlee0517_221133325904
[2017-11-06 16:00:56] Error - Already exists document
[2017-11-06 16:00:56] Complate to parse - sanijowa_221133691179
[2017-11-06 16:00:56] Complate to percolate - sanijowa_221133691179
[2017-11-06 16:00:56] Complate to parse - mss2mking_221133671339
[2017-11-06 16:00:57] Complate to percolate - mss2mking_221133671339
[2017-11-06 16:00:57] Complate to parse - violetravel_221133658802
[2017-11-06 16:00:57] Error - Already exists document
[2017-11-06 16:00:57] Complate to parse - hong0691_221133474664
[2017-11-06 16:00:57] Error - Already exists document
[2017-11-06 16:00:57] Complate to parse - rlawngmls2_221133464112
[2017-11-06 16:00:57] Error - Already exists document
[2017-11-06 16:00:57] Click the page - 14page
[2017-11-06 16:00:59] Complate to parse - chammaja1_221133459739
[2017-11-06 16:00:59] Error - Already exists document
[2017-11-06 16:00:59] Complate to parse - ckh1558_221133026779
[2017-11-06 16:00:59] Error - Already exists document
[2017-11-06 16:01:00] Complate to parse - suncheonsi_221133702891
[2017-11-06 16:01:00] Complate to percolate - suncheonsi_221133702891
[2017-11-06 16:01:00] Complate to parse - ecopic2015_221133645944
[2017-11-06 16:01:00] Error - Already exists document
[2017-11-06 16:01:00] Complate to parse - ontheroad_gh_221133614860
[2017-11-06 16:01:00] Error - Already exists document
[2017-11-06 16:01:00] Complate to parse - kimjh860511_221133595456
[2017-11-06 16:01:00] Error - Already exists document
[2017-11-06 16:01:01] Complate to parse - gjswnsdl07_221133567166
[2017-11-06 16:01:01] Error - Already exists document
[2017-11-06 16:01:01] Complate to parse - ja00700_221133566700
[2017-11-06 16:01:01] Error - Already exists document
[2017-11-06 16:01:01] Complate to parse - star080911_221133495799
[2017-11-06 16:01:01] Error - Already exists document
[2017-11-06 16:01:01] Complate to parse - minororo_221133468975
[2017-11-06 16:01:01] Error - Already exists document
[2017-11-06 16:01:01] Click the page - 15page
[2017-11-06 16:01:03] Complate to parse - s2sue_221133469589
[2017-11-06 16:01:03] Error - Already exists document
[2017-11-06 16:01:03] Complate to parse - joolp00_221133458314
[2017-11-06 16:01:03] Error - Already exists document
[2017-11-06 16:01:04] Complate to parse - gbnadri_221133457340
[2017-11-06 16:01:04] Error - Already exists document
[2017-11-06 16:01:04] Complate to parse - chogap_221133451822
[2017-11-06 16:01:04] Error - Already exists document
[2017-11-06 16:01:04] Complate to parse - jeju8253_221133433767
[2017-11-06 16:01:04] Error - Already exists document
[2017-11-06 16:01:04] Complate to parse - deuboring2_221133409827
[2017-11-06 16:01:04] Error - Already exists document
[2017-11-06 16:01:04] Complate to parse - candystellar_221133287520
[2017-11-06 16:01:04] Error - Already exists document
[2017-11-06 16:01:04] Complate to parse - nicearra_221133400069
[2017-11-06 16:01:04] Error - Already exists document
[2017-11-06 16:01:05] Complate to parse - monomono01_221133706215
[2017-11-06 16:01:05] Complate to percolate - monomono01_221133706215
[2017-11-06 16:01:05] Complate to parse - seoyh1047_221133690916
[2017-11-06 16:01:05] Complate to percolate - seoyh1047_221133690916
[2017-11-06 16:01:05] Click the page - 16page
[2017-11-06 16:01:07] Complate to parse - seo4260_221133687633
[2017-11-06 16:01:07] Complate to percolate - seo4260_221133687633
[2017-11-06 16:01:07] Complate to parse - wtpwtp2016_221133672486
[2017-11-06 16:01:08] Complate to percolate - wtpwtp2016_221133672486
[2017-11-06 16:01:08] Complate to parse - 88kml88_221133667687
[2017-11-06 16:01:08] Complate to percolate - 88kml88_221133667687
[2017-11-06 16:01:08] Complate to parse - sanm308_221133648631
[2017-11-06 16:01:08] Complate to percolate - sanm308_221133648631
[2017-11-06 16:01:09] Complate to parse - photonstory_221133646694
[2017-11-06 16:01:09] Complate to percolate - photonstory_221133646694
[2017-11-06 16:01:09] Complate to parse - woaiheejun_221133643586
[2017-11-06 16:01:09] Error - Already exists document
[2017-11-06 16:01:09] Complate to parse - yunghun414_221133605751
[2017-11-06 16:01:09] Error - Already exists document
[2017-11-06 16:01:09] Complate to parse - sosohanssaum_221133565772
[2017-11-06 16:01:09] Error - Already exists document
[2017-11-06 16:01:11] Complate to parse - ygene60_221133558825
[2017-11-06 16:01:11] Error - Already exists document
[2017-11-06 16:01:11] Complate to parse - agit0304_221133355987
[2017-11-06 16:01:11] Error - Already exists document
[2017-11-06 16:01:11] Click the page - 17page
[2017-11-06 16:01:13] Complate to parse - knkim2_221133488517
[2017-11-06 16:01:13] Error - Already exists document
[2017-11-06 16:01:13] Complate to parse - raglegend_221133477846
[2017-11-06 16:01:13] Error - Already exists document
[2017-11-06 16:01:13] Complate to parse - skinsa_221133170373
[2017-11-06 16:01:13] Error - Already exists document
[2017-11-06 16:01:13] Complate to parse - parksg1110_221133435352
[2017-11-06 16:01:13] Error - Already exists document
[2017-11-06 16:01:14] Complate to parse - ghy920_221133432937
[2017-11-06 16:01:14] Error - Already exists document
[2017-11-06 16:01:14] Complate to parse - meei__221133430873
[2017-11-06 16:01:14] Error - Already exists document
[2017-11-06 16:01:14] Complate to parse - shinbi63_221133427054
[2017-11-06 16:01:14] Error - Already exists document
[2017-11-06 16:01:14] Complate to parse - somdari496_221131559237
[2017-11-06 16:01:14] Error - Already exists document
[2017-11-06 16:01:15] Complate to parse - jbn9988_221133290721
[2017-11-06 16:01:15] Error - Already exists document
[2017-11-06 16:01:15] Complate to parse - brisgill_221131574820
[2017-11-06 16:01:15] Error - Already exists document
[2017-11-06 16:01:15] Click the page - 18page
[2017-11-06 16:01:17] Complate to parse - yhanhyo_221133141841
[2017-11-06 16:01:17] Error - Already exists document
[2017-11-06 16:01:17] Complate to parse - ssosso6406_221133619178
[2017-11-06 16:01:17] Error - Already exists document
[2017-11-06 16:01:17] Complate to parse - organic_c2c_221133204623
[2017-11-06 16:01:17] Error - Already exists document
[2017-11-06 16:01:17] Complate to parse - micky0928_221127980227
[2017-11-06 16:01:17] Error - Already exists document
[2017-11-06 16:01:17] Complate to parse - channelblog_221133689118
[2017-11-06 16:01:18] Complate to percolate - channelblog_221133689118
[2017-11-06 16:01:18] Complate to parse - jtong_221133670083
[2017-11-06 16:01:18] Complate to percolate - jtong_221133670083
[2017-11-06 16:01:18] Complate to parse - sonddol00_221133649474
[2017-11-06 16:01:18] Error - Already exists document
[2017-11-06 16:01:19] Complate to parse - qhadldhaus98_221133632804
[2017-11-06 16:01:19] Complate to percolate - qhadldhaus98_221133632804
[2017-11-06 16:01:19] Complate to parse - ejkid1004_221133618476
[2017-11-06 16:01:19] Error - Already exists document
[2017-11-06 16:01:19] Complate to parse - inthisyear_221133615120
[2017-11-06 16:01:20] Complate to percolate - inthisyear_221133615120
[2017-11-06 16:01:20] Click the page - 19page
[2017-11-06 16:01:21] Complate to parse - kirara1974_221133482818
[2017-11-06 16:01:21] Error - Already exists document
[2017-11-06 16:01:22] Complate to parse - motif_1_221133590566
[2017-11-06 16:01:22] Error - Already exists document
[2017-11-06 16:01:22] Complate to parse - ejejucom_221133583085
[2017-11-06 16:01:22] Error - Already exists document
[2017-11-06 16:01:22] Complate to parse - 8302yang_221133579825
[2017-11-06 16:01:22] Error - Already exists document
[2017-11-06 16:01:23] Complate to parse - sueevely_221132705326
[2017-11-06 16:01:23] Error - Already exists document
[2017-11-06 16:01:23] Complate to parse - kjakfldh_221119563700
[2017-11-06 16:01:23] Error - Already exists document
[2017-11-06 16:01:24] Complate to parse - sweetpurin_221133491817
[2017-11-06 16:01:24] Error - Already exists document
[2017-11-06 16:01:24] Complate to parse - paris1983_221133480653
[2017-11-06 16:01:24] Error - Already exists document
[2017-11-06 16:01:24] Complate to parse - nova750_221133472327
[2017-11-06 16:01:24] Error - Already exists document
[2017-11-06 16:01:24] Complate to parse - z9205_221133470228
[2017-11-06 16:01:24] Error - Already exists document
[2017-11-06 16:01:24] Click the page - 20page
[2017-11-06 16:01:26] Complate to parse - spskgrprycauquw_221132335316
[2017-11-06 16:01:26] Error - Already exists document
[2017-11-06 16:01:26] Complate to parse - ryuys0826_221120287130
[2017-11-06 16:01:26] Error - Already exists document
[2017-11-06 16:01:26] Complate to parse - leeba37_221133346608
[2017-11-06 16:01:26] Error - Already exists document
[2017-11-06 16:01:26] Complate to parse - suhsoonam_221133286191
[2017-11-06 16:01:26] Error - Already exists document
[2017-11-06 16:01:27] Complate to parse - minahongkong_221133429316
[2017-11-06 16:01:27] Error - Already exists document
[2017-11-06 16:01:27] Complate to parse - madebymiel_221133343381
[2017-11-06 16:01:27] Error - Already exists document
[2017-11-06 16:01:27] Complate to parse - neddd_221133406728
[2017-11-06 16:01:27] Error - Already exists document
[2017-11-06 16:01:27] Complate to parse - 7lovei_221133371578
[2017-11-06 16:01:27] Error - Already exists document
[2017-11-06 16:01:27] Complate to parse - ws_dental_221133640996
[2017-11-06 16:01:27] Error - Already exists document
[2017-11-06 16:01:28] Complate to parse - sbnam520_221133606211
[2017-11-06 16:01:28] Error - Already exists document
[2017-11-06 16:01:28] Click the next
[2017-11-06 16:01:28] Complate stored which 20 posts scrapped
[2017-11-06 16:01:28] Scrapping end, Process time: 86.0946190357s
