[2017-11-05 03:00:01] Scraping start
[2017-11-05 03:00:01] Connected Elasticsearch server
[2017-11-05 03:00:03] Opened PhantomJS webdriver
[2017-11-05 03:00:08] Complete to bring blogs seed page
[2017-11-05 03:00:08] Complete to move to travel category
[2017-11-05 03:00:09] Complete to move to domestic travel page
[2017-11-05 03:00:11] Start to parse each posts
[2017-11-05 03:00:11] Click the page - 1page
[2017-11-05 03:00:13] Complate to parse - rlatnals8712_221132436942
[2017-11-05 03:00:13] Complate to percolate - rlatnals8712_221132436942
[2017-11-05 03:00:13] Complate to parse - fbgmlwo25_221132489042
[2017-11-05 03:00:14] Complate to percolate - fbgmlwo25_221132489042
[2017-11-05 03:00:14] Complate to parse - wehrmacht88_221132488826
[2017-11-05 03:00:14] Complate to percolate - wehrmacht88_221132488826
[2017-11-05 03:00:14] Complate to parse - joc258_221132593147
[2017-11-05 03:00:14] Complate to percolate - joc258_221132593147
[2017-11-05 03:00:15] Complate to parse - time2296_221132479493
[2017-11-05 03:00:15] Complate to percolate - time2296_221132479493
[2017-11-05 03:00:15] Complate to parse - ayewyj32156_221132734805
[2017-11-05 03:00:15] Complate to percolate - ayewyj32156_221132734805
[2017-11-05 03:00:15] Complate to parse - cams0305_221132438501
[2017-11-05 03:00:15] Complate to percolate - cams0305_221132438501
[2017-11-05 03:00:16] Complate to parse - cowai_221132639933
[2017-11-05 03:00:16] Complate to percolate - cowai_221132639933
[2017-11-05 03:00:16] Complate to parse - citruspin_221132693350
[2017-11-05 03:00:16] Complate to percolate - citruspin_221132693350
[2017-11-05 03:00:16] Complate to parse - zzwqwe_221132471407
[2017-11-05 03:00:16] Complate to percolate - zzwqwe_221132471407
[2017-11-05 03:00:16] Click the page - 2page
[2017-11-05 03:00:18] Complate to parse - bbiasz_221132619820
[2017-11-05 03:00:19] Complate to percolate - bbiasz_221132619820
[2017-11-05 03:00:19] Complate to parse - doek11_221132550105
[2017-11-05 03:00:19] Complate to percolate - doek11_221132550105
[2017-11-05 03:00:19] Complate to parse - deadlyrave_221132768088
[2017-11-05 03:00:19] Complate to percolate - deadlyrave_221132768088
[2017-11-05 03:00:20] Complate to parse - cowai_221132345976
[2017-11-05 03:00:20] Complate to percolate - cowai_221132345976
[2017-11-05 03:00:20] Complate to parse - sachiel5_221132493001
[2017-11-05 03:00:20] Complate to percolate - sachiel5_221132493001
[2017-11-05 03:00:20] Complate to parse - admario_221132572734
[2017-11-05 03:00:20] Complate to percolate - admario_221132572734
[2017-11-05 03:00:21] Complate to parse - honestpsc17_221132706570
[2017-11-05 03:00:21] Complate to percolate - honestpsc17_221132706570
[2017-11-05 03:00:21] Complate to parse - riomedevon_221132675316
[2017-11-05 03:00:21] Complate to percolate - riomedevon_221132675316
[2017-11-05 03:00:21] Complate to parse - jhshin329_221132663917
[2017-11-05 03:00:21] Complate to percolate - jhshin329_221132663917
[2017-11-05 03:00:22] Complate to parse - metalxc_221132627846
[2017-11-05 03:00:22] Complate to percolate - metalxc_221132627846
[2017-11-05 03:00:22] Click the page - 3page
[2017-11-05 03:00:24] Complate to parse - ac7267_221132580153
[2017-11-05 03:00:24] Complate to percolate - ac7267_221132580153
[2017-11-05 03:00:24] Complate to parse - pilluo_221132546350
[2017-11-05 03:00:24] Complate to percolate - pilluo_221132546350
[2017-11-05 03:00:24] Complate to parse - poalqr04_221132516528
[2017-11-05 03:00:24] Complate to percolate - poalqr04_221132516528
[2017-11-05 03:00:25] Complate to parse - unthx_221132456764
[2017-11-05 03:00:25] Complate to percolate - unthx_221132456764
[2017-11-05 03:00:25] Complate to parse - hindsight_m1_221132716384
[2017-11-05 03:00:25] Complate to percolate - hindsight_m1_221132716384
[2017-11-05 03:00:25] Complate to parse - jwst30502_221132579435
[2017-11-05 03:00:26] Complate to percolate - jwst30502_221132579435
[2017-11-05 03:00:26] Complate to parse - bbiasz_221132467536
[2017-11-05 03:00:26] Complate to percolate - bbiasz_221132467536
[2017-11-05 03:00:26] Complate to parse - p0s0m22_221132439651
[2017-11-05 03:00:26] Complate to percolate - p0s0m22_221132439651
[2017-11-05 03:00:26] Complate to parse - sachiel5_221132733149
[2017-11-05 03:00:27] Complate to percolate - sachiel5_221132733149
[2017-11-05 03:00:27] Complate to parse - hyunseok9017_221131293982
[2017-11-05 03:00:27] Complate to percolate - hyunseok9017_221131293982
[2017-11-05 03:00:27] Click the page - 4page
[2017-11-05 03:00:29] Complate to parse - kim04099_221132694680
[2017-11-05 03:00:29] Complate to percolate - kim04099_221132694680
[2017-11-05 03:00:29] Complate to parse - kdww1203_221132568339
[2017-11-05 03:00:29] Complate to percolate - kdww1203_221132568339
[2017-11-05 03:00:30] Complate to parse - sewon0306_221132501193
[2017-11-05 03:00:30] Complate to percolate - sewon0306_221132501193
[2017-11-05 03:00:30] Complate to parse - elkysky_221132441491
[2017-11-05 03:00:30] Complate to percolate - elkysky_221132441491
[2017-11-05 03:00:30] Complate to parse - mcthemax1677_221132762441
[2017-11-05 03:00:30] Complate to percolate - mcthemax1677_221132762441
[2017-11-05 03:00:31] Complate to parse - miracllee_221132550662
[2017-11-05 03:00:31] Complate to percolate - miracllee_221132550662
[2017-11-05 03:00:31] Complate to parse - rote103_221132447446
[2017-11-05 03:00:31] Complate to percolate - rote103_221132447446
[2017-11-05 03:00:31] Complate to parse - miracllee_221132531534
[2017-11-05 03:00:32] Complate to percolate - miracllee_221132531534
[2017-11-05 03:00:32] Complate to parse - limsang92_221132501804
[2017-11-05 03:00:32] Complate to percolate - limsang92_221132501804
[2017-11-05 03:00:32] Complate to parse - dooyoou_221132680032
[2017-11-05 03:00:32] Complate to percolate - dooyoou_221132680032
[2017-11-05 03:00:32] Click the page - 5page
[2017-11-05 03:00:34] Complate to parse - jomin0415_221132665054
[2017-11-05 03:00:34] Complate to percolate - jomin0415_221132665054
[2017-11-05 03:00:34] Complate to parse - agt5410_221132630008
[2017-11-05 03:00:35] Complate to percolate - agt5410_221132630008
[2017-11-05 03:00:35] Complate to parse - yuiroa_221132574839
[2017-11-05 03:00:35] Complate to percolate - yuiroa_221132574839
[2017-11-05 03:00:35] Complate to parse - iceposs2000_221132493863
[2017-11-05 03:00:35] Complate to percolate - iceposs2000_221132493863
[2017-11-05 03:00:35] Complate to parse - kkjjss8280_221132651512
[2017-11-05 03:00:35] Complate to percolate - kkjjss8280_221132651512
[2017-11-05 03:00:36] Complate to parse - leeys2714_221132498578
[2017-11-05 03:00:36] Complate to percolate - leeys2714_221132498578
[2017-11-05 03:00:36] Complate to parse - sihoon052_221132459421
[2017-11-05 03:00:36] Complate to percolate - sihoon052_221132459421
