[INFO  - 2017-11-14T07:00:06.748Z] GhostDriver - Main - running on port 57625
[INFO  - 2017-11-14T07:00:06.904Z] Session [72624160-c909-11e7-9c2a-59599e2d9491] - page.settings - {"XSSAuditingEnabled":false,"javascriptCanCloseWindows":true,"javascriptCanOpenWindows":true,"javascriptEnabled":true,"loadImages":true,"localToRemoteUrlAccessEnabled":false,"userAgent":"Mozilla/5.0 (Unknown; Linux x86_64) AppleWebKit/538.1 (KHTML, like Gecko) PhantomJS/2.1.1 Safari/538.1","webSecurityEnabled":true}
[INFO  - 2017-11-14T07:00:06.904Z] Session [72624160-c909-11e7-9c2a-59599e2d9491] - page.customHeaders:  - {}
[INFO  - 2017-11-14T07:00:06.904Z] Session [72624160-c909-11e7-9c2a-59599e2d9491] - Session.negotiatedCapabilities - {"browserName":"phantomjs","version":"2.1.1","driverName":"ghostdriver","driverVersion":"1.2.0","platform":"linux-unknown-64bit","javascriptEnabled":true,"takesScreenshot":true,"handlesAlerts":false,"databaseEnabled":false,"locationContextEnabled":false,"applicationCacheEnabled":false,"browserConnectionEnabled":false,"cssSelectorsEnabled":true,"webStorageEnabled":false,"rotatable":false,"acceptSslCerts":false,"nativeEvents":true,"proxy":{"proxyType":"direct"}}
[INFO  - 2017-11-14T07:00:06.904Z] SessionManagerReqHand - _postNewSessionCommand - New Session Created: 72624160-c909-11e7-9c2a-59599e2d9491
[ERROR - 2017-11-14T07:00:08.879Z] Session [72624160-c909-11e7-9c2a-59599e2d9491] - page.onError - msg: Error: undefined is not an object (evaluating 'd.directoryList[a-1]')
setActiveDirectorySeq@https://ssl.pstatic.net/t.static.blog/section/versioning/NgAppBundle2-1355105880_https.js:144:313
fn
g@https://ssl.pstatic.net/t.static.blog/section/versioning/NgAppBundle1-1654951356_https.js:306:454
e@https://ssl.pstatic.net/t.static.blog/section/versioning/NgAppBundle1-1654951356_https.js:454:196
$eval@https://ssl.pstatic.net/t.static.blog/section/versioning/NgAppBundle1-1654951356_https.js:326:107
$apply@https://ssl.pstatic.net/t.static.blog/section/versioning/NgAppBundle1-1654951356_https.js:326:345
https://ssl.pstatic.net/t.static.blog/section/versioning/NgAppBundle1-1654951356_https.js:454:253
dispatch@https://ssl.pstatic.net/t.static.blog/section/versioning/NgAppBundle1-1654951356_https.js:108:382
handle@https://ssl.pstatic.net/t.static.blog/section/versioning/NgAppBundle1-1654951356_https.js:104:444
dispatchEvent@[native code]
U
$
$
gh
sh



global code
evaluateJavaScript@[native code]
evaluate@phantomjs://platform/webpage.js:390:39
phantomjs://code/webelement_request_handler.js:405:47
_execFuncAndWaitForLoadDecorator@phantomjs://code/session.js:212:23
_postClickCommand@phantomjs://code/webelement_request_handler.js:403:42
_handle@phantomjs://code/webelement_request_handler.js:90:30
_reroute@phantomjs://code/request_handler.js:61:20
_handle@phantomjs://code/session_request_handler.js:120:42
_reroute@phantomjs://code/request_handler.js:61:20
_handle@phantomjs://code/router_request_handler.js:78:46 undefined

  phantomjs://platform/console++.js:263 in error
[ERROR - 2017-11-14T07:00:08.879Z] Session [72624160-c909-11e7-9c2a-59599e2d9491] - page.onError - stack:
  (anonymous function) (https://ssl.pstatic.net/t.static.blog/section/versioning/NgAppBundle1-1654951356_https.js:297)

  phantomjs://platform/console++.js:263 in error
[INFO  - 2017-11-14T07:05:07.132Z] SessionManagerReqHand - _cleanupWindowlessSessions - Asynchronous Sessions clean-up phase starting NOW
[INFO  - 2017-11-14T07:10:07.132Z] SessionManagerReqHand - _cleanupWindowlessSessions - Asynchronous Sessions clean-up phase starting NOW
[INFO  - 2017-11-14T07:15:07.132Z] SessionManagerReqHand - _cleanupWindowlessSessions - Asynchronous Sessions clean-up phase starting NOW
